0 info it worked if it ends with ok
1 verbose cli [ '/usr/local/bin/node', '/usr/local/bin/npm', 'install', 'gulp' ]
2 info using npm@3.10.10
3 info using node@v4.4.1
4 verbose config Skipping project config: /Users/CassandraGoodby/.npmrc. (matches userconfig)
5 silly loadCurrentTree Starting
6 silly install loadCurrentTree
7 silly install readLocalPackageData
8 silly fetchPackageMetaData gulp
9 silly fetchNamedPackageData gulp
10 silly mapToRegistry name gulp
11 silly mapToRegistry using default registry
12 silly mapToRegistry registry https://registry.npmjs.org/
13 silly mapToRegistry data Result {
13 silly mapToRegistry   raw: 'gulp',
13 silly mapToRegistry   scope: null,
13 silly mapToRegistry   escapedName: 'gulp',
13 silly mapToRegistry   name: 'gulp',
13 silly mapToRegistry   rawSpec: '',
13 silly mapToRegistry   spec: 'latest',
13 silly mapToRegistry   type: 'tag' }
14 silly mapToRegistry uri https://registry.npmjs.org/gulp
15 verbose request uri https://registry.npmjs.org/gulp
16 verbose request no auth needed
17 info attempt registry request try #1 at 4:32:04 AM
18 verbose request id fb7a4f538c368c1d
19 http request GET https://registry.npmjs.org/gulp
20 http 200 https://registry.npmjs.org/gulp
21 verbose headers { server: 'nginx/1.10.1',
21 verbose headers   'content-type': 'application/json',
21 verbose headers   'last-modified': 'Mon, 01 May 2017 08:20:42 GMT',
21 verbose headers   etag: 'W/"5906efda-1d290"',
21 verbose headers   'content-encoding': 'gzip',
21 verbose headers   'cache-control': 'max-age=300',
21 verbose headers   'content-length': '17578',
21 verbose headers   'accept-ranges': 'bytes',
21 verbose headers   date: 'Thu, 04 May 2017 10:32:05 GMT',
21 verbose headers   via: '1.1 varnish',
21 verbose headers   age: '226',
21 verbose headers   connection: 'keep-alive',
21 verbose headers   'x-served-by': 'cache-dfw1833-DFW',
21 verbose headers   'x-cache': 'HIT',
21 verbose headers   'x-cache-hits': '1',
21 verbose headers   'x-timer': 'S1493893925.034870,VS0,VE0',
21 verbose headers   vary: 'Accept-Encoding' }
22 silly get cb [ 200,
22 silly get   { server: 'nginx/1.10.1',
22 silly get     'content-type': 'application/json',
22 silly get     'last-modified': 'Mon, 01 May 2017 08:20:42 GMT',
22 silly get     etag: 'W/"5906efda-1d290"',
22 silly get     'content-encoding': 'gzip',
22 silly get     'cache-control': 'max-age=300',
22 silly get     'content-length': '17578',
22 silly get     'accept-ranges': 'bytes',
22 silly get     date: 'Thu, 04 May 2017 10:32:05 GMT',
22 silly get     via: '1.1 varnish',
22 silly get     age: '226',
22 silly get     connection: 'keep-alive',
22 silly get     'x-served-by': 'cache-dfw1833-DFW',
22 silly get     'x-cache': 'HIT',
22 silly get     'x-cache-hits': '1',
22 silly get     'x-timer': 'S1493893925.034870,VS0,VE0',
22 silly get     vary: 'Accept-Encoding' } ]
23 verbose get saving gulp to /Users/CassandraGoodby/.npm/registry.npmjs.org/gulp/.cache.json
24 verbose correctMkdir /Users/CassandraGoodby/.npm correctMkdir not in flight; initializing
25 silly install normalizeTree
26 silly loadCurrentTree Finishing
27 silly loadIdealTree Starting
28 silly install loadIdealTree
29 silly cloneCurrentTree Starting
30 silly install cloneCurrentTreeToIdealTree
31 silly cloneCurrentTree Finishing
32 silly loadShrinkwrap Starting
33 silly install loadShrinkwrap
34 silly loadShrinkwrap Finishing
35 silly loadAllDepsIntoIdealTree Starting
36 silly install loadAllDepsIntoIdealTree
37 silly resolveWithNewModule gulp@3.9.1 checking installable status
38 silly cache add args [ 'gulp', null ]
39 verbose cache add spec gulp
40 silly cache add parsed spec Result {
40 silly cache add   raw: 'gulp',
40 silly cache add   scope: null,
40 silly cache add   escapedName: 'gulp',
40 silly cache add   name: 'gulp',
40 silly cache add   rawSpec: '',
40 silly cache add   spec: 'latest',
40 silly cache add   type: 'tag' }
41 silly addNamed gulp@latest
42 verbose addNamed "latest" is being treated as a dist-tag for gulp
43 info addNameTag [ 'gulp', 'latest' ]
44 silly mapToRegistry name gulp
45 silly mapToRegistry using default registry
46 silly mapToRegistry registry https://registry.npmjs.org/
47 silly mapToRegistry data Result {
47 silly mapToRegistry   raw: 'gulp',
47 silly mapToRegistry   scope: null,
47 silly mapToRegistry   escapedName: 'gulp',
47 silly mapToRegistry   name: 'gulp',
47 silly mapToRegistry   rawSpec: '',
47 silly mapToRegistry   spec: 'latest',
47 silly mapToRegistry   type: 'tag' }
48 silly mapToRegistry uri https://registry.npmjs.org/gulp
49 verbose addNameTag registry:https://registry.npmjs.org/gulp not in flight; fetching
50 verbose get https://registry.npmjs.org/gulp not expired, no request
51 silly addNameTag next cb for gulp with tag latest
52 silly addNamed gulp@3.9.1
53 verbose addNamed "3.9.1" is a plain semver version for gulp
54 silly mapToRegistry name gulp
55 silly mapToRegistry using default registry
56 silly mapToRegistry registry https://registry.npmjs.org/
57 silly mapToRegistry data Result {
57 silly mapToRegistry   raw: 'gulp',
57 silly mapToRegistry   scope: null,
57 silly mapToRegistry   escapedName: 'gulp',
57 silly mapToRegistry   name: 'gulp',
57 silly mapToRegistry   rawSpec: '',
57 silly mapToRegistry   spec: 'latest',
57 silly mapToRegistry   type: 'tag' }
58 silly mapToRegistry uri https://registry.npmjs.org/gulp
59 verbose addRemoteTarball https://registry.npmjs.org/gulp/-/gulp-3.9.1.tgz not in flight; adding
60 verbose addRemoteTarball [ 'https://registry.npmjs.org/gulp/-/gulp-3.9.1.tgz',
60 verbose addRemoteTarball   '571ce45928dd40af6514fc4011866016c13845b4' ]
61 info retry fetch attempt 1 at 4:32:06 AM
62 info attempt registry request try #1 at 4:32:06 AM
63 http fetch GET https://registry.npmjs.org/gulp/-/gulp-3.9.1.tgz
64 http fetch 200 https://registry.npmjs.org/gulp/-/gulp-3.9.1.tgz
65 silly fetchAndShaCheck shasum 571ce45928dd40af6514fc4011866016c13845b4
66 verbose addTmpTarball /var/folders/_k/q4t9dszs2f7d76n9y3y8l5j80000gn/T/npm-39023-264d63b7/registry.npmjs.org/gulp/-/gulp-3.9.1.tgz not in flight; adding
67 verbose addTmpTarball already have metadata; skipping unpack for gulp@3.9.1
68 verbose correctMkdir /Users/CassandraGoodby/.npm correctMkdir not in flight; initializing
69 silly cache afterAdd gulp@3.9.1
70 verbose afterAdd /Users/CassandraGoodby/.npm/gulp/3.9.1/package/package.json not in flight; writing
71 verbose correctMkdir /Users/CassandraGoodby/.npm correctMkdir not in flight; initializing
72 verbose afterAdd /Users/CassandraGoodby/.npm/gulp/3.9.1/package/package.json written
73 silly fetchNamedPackageData semver
74 silly mapToRegistry name semver
75 silly mapToRegistry using default registry
76 silly mapToRegistry registry https://registry.npmjs.org/
77 silly mapToRegistry data Result {
77 silly mapToRegistry   raw: 'semver',
77 silly mapToRegistry   scope: null,
77 silly mapToRegistry   escapedName: 'semver',
77 silly mapToRegistry   name: 'semver',
77 silly mapToRegistry   rawSpec: '',
77 silly mapToRegistry   spec: 'latest',
77 silly mapToRegistry   type: 'tag' }
78 silly mapToRegistry uri https://registry.npmjs.org/semver
79 verbose request uri https://registry.npmjs.org/semver
80 verbose request no auth needed
81 info attempt registry request try #1 at 4:32:06 AM
82 verbose etag W/"590acdca-11c00"
83 verbose lastModified Thu, 04 May 2017 06:44:26 GMT
84 http request GET https://registry.npmjs.org/semver
85 http 304 https://registry.npmjs.org/semver
86 verbose headers { date: 'Thu, 04 May 2017 10:32:06 GMT',
86 verbose headers   via: '1.1 varnish',
86 verbose headers   'cache-control': 'max-age=300',
86 verbose headers   etag: 'W/"590acdca-11c00"',
86 verbose headers   age: '57',
86 verbose headers   connection: 'keep-alive',
86 verbose headers   'x-served-by': 'cache-dfw1821-DFW',
86 verbose headers   'x-cache': 'HIT',
86 verbose headers   'x-cache-hits': '2',
86 verbose headers   'x-timer': 'S1493893927.867330,VS0,VE0',
86 verbose headers   vary: 'Accept-Encoding' }
87 silly get cb [ 304,
87 silly get   { date: 'Thu, 04 May 2017 10:32:06 GMT',
87 silly get     via: '1.1 varnish',
87 silly get     'cache-control': 'max-age=300',
87 silly get     etag: 'W/"590acdca-11c00"',
87 silly get     age: '57',
87 silly get     connection: 'keep-alive',
87 silly get     'x-served-by': 'cache-dfw1821-DFW',
87 silly get     'x-cache': 'HIT',
87 silly get     'x-cache-hits': '2',
87 silly get     'x-timer': 'S1493893927.867330,VS0,VE0',
87 silly get     vary: 'Accept-Encoding' } ]
88 verbose etag https://registry.npmjs.org/semver from cache
89 verbose get saving semver to /Users/CassandraGoodby/.npm/registry.npmjs.org/semver/.cache.json
90 verbose correctMkdir /Users/CassandraGoodby/.npm correctMkdir not in flight; initializing
91 silly resolveWithNewModule semver@4.3.6 checking installable status
92 silly cache add args [ 'semver@^4.1.0', null ]
93 verbose cache add spec semver@^4.1.0
94 silly cache add parsed spec Result {
94 silly cache add   raw: 'semver@^4.1.0',
94 silly cache add   scope: null,
94 silly cache add   escapedName: 'semver',
94 silly cache add   name: 'semver',
94 silly cache add   rawSpec: '^4.1.0',
94 silly cache add   spec: '>=4.1.0 <5.0.0',
94 silly cache add   type: 'range' }
95 silly addNamed semver@>=4.1.0 <5.0.0
96 verbose addNamed ">=4.1.0 <5.0.0" is a valid semver range for semver
97 silly addNameRange { name: 'semver', range: '>=4.1.0 <5.0.0', hasData: false }
98 silly mapToRegistry name semver
99 silly mapToRegistry using default registry
100 silly mapToRegistry registry https://registry.npmjs.org/
101 silly mapToRegistry data Result {
101 silly mapToRegistry   raw: 'semver',
101 silly mapToRegistry   scope: null,
101 silly mapToRegistry   escapedName: 'semver',
101 silly mapToRegistry   name: 'semver',
101 silly mapToRegistry   rawSpec: '',
101 silly mapToRegistry   spec: 'latest',
101 silly mapToRegistry   type: 'tag' }
102 silly mapToRegistry uri https://registry.npmjs.org/semver
103 verbose addNameRange registry:https://registry.npmjs.org/semver not in flight; fetching
104 verbose get https://registry.npmjs.org/semver not expired, no request
105 silly addNameRange number 2 { name: 'semver', range: '>=4.1.0 <5.0.0', hasData: true }
106 silly addNameRange versions [ 'semver',
106 silly addNameRange   [ '1.0.0',
106 silly addNameRange     '1.0.1',
106 silly addNameRange     '1.0.2',
106 silly addNameRange     '1.0.3',
106 silly addNameRange     '1.0.4',
106 silly addNameRange     '1.0.5',
106 silly addNameRange     '1.0.6',
106 silly addNameRange     '1.0.7',
106 silly addNameRange     '1.0.8',
106 silly addNameRange     '1.0.9',
106 silly addNameRange     '1.0.10',
106 silly addNameRange     '1.0.11',
106 silly addNameRange     '1.0.12',
106 silly addNameRange     '1.0.13',
106 silly addNameRange     '1.0.14',
106 silly addNameRange     '1.1.0',
106 silly addNameRange     '1.1.1',
106 silly addNameRange     '1.1.2',
106 silly addNameRange     '1.1.3',
106 silly addNameRange     '1.1.4',
106 silly addNameRange     '2.0.0-alpha',
106 silly addNameRange     '2.0.0-beta',
106 silly addNameRange     '2.0.1',
106 silly addNameRange     '2.0.2',
106 silly addNameRange     '2.0.3',
106 silly addNameRange     '2.0.4',
106 silly addNameRange     '2.0.5',
106 silly addNameRange     '2.0.6',
106 silly addNameRange     '2.0.7',
106 silly addNameRange     '2.0.8',
106 silly addNameRange     '2.0.9',
106 silly addNameRange     '2.0.10',
106 silly addNameRange     '2.0.11',
106 silly addNameRange     '2.1.0',
106 silly addNameRange     '2.2.0',
106 silly addNameRange     '2.2.1',
106 silly addNameRange     '2.3.0',
106 silly addNameRange     '2.3.1',
106 silly addNameRange     '2.3.2',
106 silly addNameRange     '3.0.0',
106 silly addNameRange     '3.0.1',
106 silly addNameRange     '4.0.0',
106 silly addNameRange     '4.0.2',
106 silly addNameRange     '4.0.3',
106 silly addNameRange     '4.1.0',
106 silly addNameRange     '4.1.1',
106 silly addNameRange     '4.2.0',
106 silly addNameRange     '4.2.1',
106 silly addNameRange     '4.2.2',
106 silly addNameRange     '4.3.0',
106 silly addNameRange     '4.3.1',
106 silly addNameRange     '4.3.2',
106 silly addNameRange     '4.3.3',
106 silly addNameRange     '4.3.4',
106 silly addNameRange     '4.3.5',
106 silly addNameRange     '4.3.6',
106 silly addNameRange     '5.0.0',
106 silly addNameRange     '5.0.1',
106 silly addNameRange     '5.0.2',
106 silly addNameRange     '5.0.3',
106 silly addNameRange     '5.1.0',
106 silly addNameRange     '5.1.1',
106 silly addNameRange     '5.2.0',
106 silly addNameRange     '5.3.0' ] ]
107 silly addNamed semver@4.3.6
108 verbose addNamed "4.3.6" is a plain semver version for semver
109 silly cache afterAdd semver@4.3.6
110 verbose afterAdd /Users/CassandraGoodby/.npm/semver/4.3.6/package/package.json not in flight; writing
111 verbose correctMkdir /Users/CassandraGoodby/.npm correctMkdir not in flight; initializing
112 verbose afterAdd /Users/CassandraGoodby/.npm/semver/4.3.6/package/package.json written
113 silly loadAllDepsIntoIdealTree Finishing
114 silly loadIdealTree Finishing
115 silly currentTree CassandraGoodby
115 silly currentTree ├── abbrev@1.1.0
115 silly currentTree ├── accepts@1.3.3
115 silly currentTree ├── acorn-jsx@3.0.1
115 silly currentTree ├── acorn-object-spread@1.0.0
115 silly currentTree ├── acorn@3.3.0
115 silly currentTree ├── after@0.8.1
115 silly currentTree ├─┬ ajv@4.11.8
115 silly currentTree │ └── co@4.6.0
115 silly currentTree ├── amdefine@1.0.1
115 silly currentTree ├── ansi-regex@2.1.1
115 silly currentTree ├── ansi-styles@2.2.1
115 silly currentTree ├── anymatch@1.3.0
115 silly currentTree ├── aproba@1.1.1
115 silly currentTree ├── archive-type@3.2.0
115 silly currentTree ├── archy@1.0.0
115 silly currentTree ├── are-we-there-yet@1.1.4
115 silly currentTree ├── argparse@1.0.9
115 silly currentTree ├── arr-diff@2.0.0
115 silly currentTree ├── arr-flatten@1.0.3
115 silly currentTree ├── array-differ@1.0.0
115 silly currentTree ├── array-find-index@1.0.2
115 silly currentTree ├── array-uniq@1.0.3
115 silly currentTree ├── array-unique@0.2.1
115 silly currentTree ├── arraybuffer.slice@0.0.6
115 silly currentTree ├── arrify@1.0.1
115 silly currentTree ├── asn1@0.2.3
115 silly currentTree ├── assert-plus@0.2.0
115 silly currentTree ├── async-each-series@0.1.1
115 silly currentTree ├── async-each@1.0.1
115 silly currentTree ├── async-foreach@0.1.3
115 silly currentTree ├── async@1.5.2
115 silly currentTree ├── asynckit@0.4.0
115 silly currentTree ├── autoprefixer@6.7.7
115 silly currentTree ├── aws-sign2@0.6.0
115 silly currentTree ├── aws4@1.6.0
115 silly currentTree ├── backo2@1.0.2
115 silly currentTree ├── balanced-match@0.4.2
115 silly currentTree ├── base64-arraybuffer@0.1.5
115 silly currentTree ├── base64id@0.1.0
115 silly currentTree ├── batch@0.5.3
115 silly currentTree ├── bcrypt-pbkdf@1.0.1
115 silly currentTree ├── beeper@1.1.1
115 silly currentTree ├── better-assert@1.0.2
115 silly currentTree ├── bin-build@2.2.0
115 silly currentTree ├── bin-check@2.0.0
115 silly currentTree ├─┬ bin-version-check@2.1.0
115 silly currentTree │ └── semver@4.3.6
115 silly currentTree ├── bin-version@1.0.4
115 silly currentTree ├── bin-wrapper@3.0.2
115 silly currentTree ├── binary-extensions@1.8.0
115 silly currentTree ├── bl@1.2.1
115 silly currentTree ├── blob@0.0.4
115 silly currentTree ├── block-stream@0.0.9
115 silly currentTree ├── boom@2.10.1
115 silly currentTree ├── brace-expansion@1.1.7
115 silly currentTree ├── braces@1.8.5
115 silly currentTree ├── browser-sync-client@2.4.5
115 silly currentTree ├── browser-sync-ui@0.6.3
115 silly currentTree ├── browser-sync@2.18.8
115 silly currentTree ├── browserslist@1.7.7
115 silly currentTree ├── bs-recipes@1.3.4
115 silly currentTree ├── buble@0.12.5
115 silly currentTree ├── bubleify@0.5.1
115 silly currentTree ├── buffer-crc32@0.2.13
115 silly currentTree ├── buffer-shims@1.0.0
115 silly currentTree ├─┬ buffer-to-vinyl@1.1.0
115 silly currentTree │ └── vinyl@1.2.0
115 silly currentTree ├── builtin-modules@1.1.1
115 silly currentTree ├── callsite@1.0.0
115 silly currentTree ├─┬ camelcase-keys@2.1.0
115 silly currentTree │ └── camelcase@2.1.1
115 silly currentTree ├── camelcase@1.2.1
115 silly currentTree ├── caniuse-db@1.0.30000665
115 silly currentTree ├── capture-stack-trace@1.0.0
115 silly currentTree ├── caseless@0.11.0
115 silly currentTree ├─┬ caw@1.2.0
115 silly currentTree │ └── object-assign@3.0.0
115 silly currentTree ├── chalk@1.1.3
115 silly currentTree ├── chokidar@1.6.1
115 silly currentTree ├── clap@1.1.3
115 silly currentTree ├─┬ cli@1.0.1
115 silly currentTree │ └── glob@7.1.1
115 silly currentTree ├── cliui@3.2.0
115 silly currentTree ├── clone-stats@0.0.1
115 silly currentTree ├── clone@1.0.2
115 silly currentTree ├── co@3.1.0
115 silly currentTree ├── coa@1.0.1
115 silly currentTree ├── code-point-at@1.1.0
115 silly currentTree ├── colors@1.1.2
115 silly currentTree ├── combined-stream@1.0.5
115 silly currentTree ├── commander@2.9.0
115 silly currentTree ├── component-bind@1.0.0
115 silly currentTree ├── component-emitter@1.1.2
115 silly currentTree ├── component-inherit@0.0.3
115 silly currentTree ├── concat-map@0.0.1
115 silly currentTree ├── concat-stream@1.6.0
115 silly currentTree ├── connect-history-api-fallback@1.3.0
115 silly currentTree ├── connect@3.5.0
115 silly currentTree ├── console-browserify@1.1.0
115 silly currentTree ├── console-control-strings@1.1.0
115 silly currentTree ├── console-stream@0.1.1
115 silly currentTree ├── convert-source-map@1.5.0
115 silly currentTree ├── cookie@0.3.1
115 silly currentTree ├── core-util-is@1.0.2
115 silly currentTree ├── cosmiconfig@2.1.3
115 silly currentTree ├── create-error-class@3.0.2
115 silly currentTree ├─┬ cross-spawn@4.0.2
115 silly currentTree │ └── lru-cache@4.0.2
115 silly currentTree ├── cryptiles@2.0.5
115 silly currentTree ├── csso@2.3.2
115 silly currentTree ├── currently-unhandled@0.4.1
115 silly currentTree ├─┬ dashdash@1.14.1
115 silly currentTree │ └── assert-plus@1.0.0
115 silly currentTree ├── date-now@0.1.4
115 silly currentTree ├── dateformat@2.0.0
115 silly currentTree ├── debug@2.2.0
115 silly currentTree ├── decamelize@1.2.0
115 silly currentTree ├─┬ decompress-tar@3.1.0
115 silly currentTree │ ├── clone@0.2.0
115 silly currentTree │ ├── isarray@0.0.1
115 silly currentTree │ ├── object-assign@2.1.1
115 silly currentTree │ ├── readable-stream@1.0.34
115 silly currentTree │ ├── string_decoder@0.10.31
115 silly currentTree │ ├── through2@0.6.5
115 silly currentTree │ └── vinyl@0.4.6
115 silly currentTree ├─┬ decompress-tarbz2@3.1.0
115 silly currentTree │ ├── clone@0.2.0
115 silly currentTree │ ├── isarray@0.0.1
115 silly currentTree │ ├── object-assign@2.1.1
115 silly currentTree │ ├── readable-stream@1.0.34
115 silly currentTree │ ├── string_decoder@0.10.31
115 silly currentTree │ ├── through2@0.6.5
115 silly currentTree │ └── vinyl@0.4.6
115 silly currentTree ├─┬ decompress-targz@3.1.0
115 silly currentTree │ ├── clone@0.2.0
115 silly currentTree │ ├── isarray@0.0.1
115 silly currentTree │ ├── object-assign@2.1.1
115 silly currentTree │ ├── readable-stream@1.0.34
115 silly currentTree │ ├── string_decoder@0.10.31
115 silly currentTree │ ├── through2@0.6.5
115 silly currentTree │ └── vinyl@0.4.6
115 silly currentTree ├─┬ decompress-unzip@3.4.0
115 silly currentTree │ └── vinyl@1.2.0
115 silly currentTree ├─┬ decompress@3.0.0
115 silly currentTree │ ├── glob-parent@3.1.0
115 silly currentTree │ ├─┬ glob-stream@5.3.5
115 silly currentTree │ │ ├── readable-stream@1.0.34
115 silly currentTree │ │ └── through2@0.6.5
115 silly currentTree │ ├── glob@5.0.15
115 silly currentTree │ ├── is-extglob@2.1.1
115 silly currentTree │ ├── is-glob@3.1.0
115 silly currentTree │ ├── isarray@0.0.1
115 silly currentTree │ ├── minimist@0.0.8
115 silly currentTree │ ├── mkdirp@0.5.1
115 silly currentTree │ ├── ordered-read-streams@0.3.0
115 silly currentTree │ ├── string_decoder@0.10.31
115 silly currentTree │ ├── unique-stream@2.2.1
115 silly currentTree │ ├── vinyl-fs@2.4.4
115 silly currentTree │ └── vinyl@1.2.0
115 silly currentTree ├── deep-extend@0.4.1
115 silly currentTree ├── defaults@1.0.3
115 silly currentTree ├── delayed-stream@1.0.0
115 silly currentTree ├── delegates@1.0.0
115 silly currentTree ├── depd@1.1.0
115 silly currentTree ├── deprecated@0.0.1
115 silly currentTree ├── destroy@1.0.4
115 silly currentTree ├── detect-file@0.1.0
115 silly currentTree ├── dev-ip@1.0.1
115 silly currentTree ├─┬ dom-serializer@0.1.0
115 silly currentTree │ ├── domelementtype@1.1.3
115 silly currentTree │ └── entities@1.1.1
115 silly currentTree ├── domelementtype@1.3.0
115 silly currentTree ├── domhandler@2.3.0
115 silly currentTree ├── domutils@1.5.1
115 silly currentTree ├─┬ download@4.4.3
115 silly currentTree │ ├── glob-parent@3.1.0
115 silly currentTree │ ├─┬ glob-stream@5.3.5
115 silly currentTree │ │ ├── readable-stream@1.0.34
115 silly currentTree │ │ └── through2@0.6.5
115 silly currentTree │ ├── glob@5.0.15
115 silly currentTree │ ├── is-extglob@2.1.1
115 silly currentTree │ ├── is-glob@3.1.0
115 silly currentTree │ ├── isarray@0.0.1
115 silly currentTree │ ├── minimist@0.0.8
115 silly currentTree │ ├── mkdirp@0.5.1
115 silly currentTree │ ├── ordered-read-streams@0.3.0
115 silly currentTree │ ├── string_decoder@0.10.31
115 silly currentTree │ ├── unique-stream@2.2.1
115 silly currentTree │ ├── vinyl-fs@2.4.4
115 silly currentTree │ └── vinyl@1.2.0
115 silly currentTree ├─┬ duplexer2@0.0.2
115 silly currentTree │ ├── isarray@0.0.1
115 silly currentTree │ ├── readable-stream@1.1.14
115 silly currentTree │ └── string_decoder@0.10.31
115 silly currentTree ├─┬ duplexify@3.5.0
115 silly currentTree │ └── end-of-stream@1.0.0
115 silly currentTree ├── each-async@1.1.1
115 silly currentTree ├── easy-extender@2.3.2
115 silly currentTree ├── eazy-logger@3.0.2
115 silly currentTree ├── ecc-jsbn@0.1.1
115 silly currentTree ├── ee-first@1.1.1
115 silly currentTree ├── electron-to-chromium@1.3.9
115 silly currentTree ├── emitter-steward@1.0.0
115 silly currentTree ├── encodeurl@1.0.1
115 silly currentTree ├── end-of-stream@0.1.5
115 silly currentTree ├─┬ engine.io-client@1.8.0
115 silly currentTree │ ├── component-emitter@1.2.1
115 silly currentTree │ ├── debug@2.3.3
115 silly currentTree │ └── ms@0.7.2
115 silly currentTree ├─┬ engine.io-parser@1.3.1
115 silly currentTree │ ├── has-binary@0.1.6
115 silly currentTree │ └── isarray@0.0.1
115 silly currentTree ├─┬ engine.io@1.8.0
115 silly currentTree │ ├── debug@2.3.3
115 silly currentTree │ └── ms@0.7.2
115 silly currentTree ├── entities@1.0.0
115 silly currentTree ├── error-ex@1.3.1
115 silly currentTree ├── escape-html@1.0.3
115 silly currentTree ├── escape-string-regexp@1.0.5
115 silly currentTree ├── esprima@2.7.3
115 silly currentTree ├── etag@1.8.0
115 silly currentTree ├── eventemitter3@1.2.0
115 silly currentTree ├─┬ exec-buffer@3.1.0
115 silly currentTree │ └── execa@0.5.1
115 silly currentTree ├─┬ exec-series@1.0.3
115 silly currentTree │ └── async-each-series@1.1.0
115 silly currentTree ├─┬ execa@0.6.3
115 silly currentTree │ ├── cross-spawn@5.1.0
115 silly currentTree │ ├── get-stream@3.0.0
115 silly currentTree │ └── lru-cache@4.0.2
115 silly currentTree ├── executable@1.1.0
115 silly currentTree ├── exit@0.1.2
115 silly currentTree ├── expand-brackets@0.1.5
115 silly currentTree ├── expand-range@1.8.2
115 silly currentTree ├── expand-tilde@1.2.2
115 silly currentTree ├─┬ express@2.5.11
115 silly currentTree │ ├── connect@1.9.2
115 silly currentTree │ └── qs@0.4.2
115 silly currentTree ├── extend-shallow@2.0.1
115 silly currentTree ├── extend@3.0.1
115 silly currentTree ├── extglob@0.3.2
115 silly currentTree ├── extsprintf@1.0.2
115 silly currentTree ├── fancy-log@1.3.0
115 silly currentTree ├── fd-slicer@1.0.1
115 silly currentTree ├── figures@1.7.0
115 silly currentTree ├── file-type@3.9.0
115 silly currentTree ├── filename-regex@2.0.1
115 silly currentTree ├── filename-reserved-regex@1.0.0
115 silly currentTree ├── filenamify@1.2.1
115 silly currentTree ├── filesize@3.5.9
115 silly currentTree ├── fill-range@2.2.3
115 silly currentTree ├── finalhandler@0.5.0
115 silly currentTree ├── find-index@0.1.1
115 silly currentTree ├── find-up@1.1.2
115 silly currentTree ├── find-versions@1.2.1
115 silly currentTree ├── findup-sync@0.4.3
115 silly currentTree ├── fined@1.0.2
115 silly currentTree ├── first-chunk-stream@1.0.0
115 silly currentTree ├── flagged-respawn@0.3.2
115 silly currentTree ├── for-in@1.0.2
115 silly currentTree ├── for-own@0.1.5
115 silly currentTree ├── forever-agent@0.6.1
115 silly currentTree ├── form-data@2.1.4
115 silly currentTree ├── formidable@1.0.17
115 silly currentTree ├── fresh@0.3.0
115 silly currentTree ├── fs-exists-sync@0.1.0
115 silly currentTree ├── fs-extra@1.0.0
115 silly currentTree ├── fs.realpath@1.0.0
115 silly currentTree ├─┬ fsevents@1.1.1
115 silly currentTree │ ├── abbrev@1.1.0
115 silly currentTree │ ├── ansi-regex@2.1.1
115 silly currentTree │ ├── ansi-styles@2.2.1
115 silly currentTree │ ├── aproba@1.1.1
115 silly currentTree │ ├── are-we-there-yet@1.1.2
115 silly currentTree │ ├── asn1@0.2.3
115 silly currentTree │ ├── assert-plus@0.2.0
115 silly currentTree │ ├── asynckit@0.4.0
115 silly currentTree │ ├── aws-sign2@0.6.0
115 silly currentTree │ ├── aws4@1.6.0
115 silly currentTree │ ├── balanced-match@0.4.2
115 silly currentTree │ ├── bcrypt-pbkdf@1.0.1
115 silly currentTree │ ├── block-stream@0.0.9
115 silly currentTree │ ├── boom@2.10.1
115 silly currentTree │ ├── brace-expansion@1.1.6
115 silly currentTree │ ├── buffer-shims@1.0.0
115 silly currentTree │ ├── caseless@0.11.0
115 silly currentTree │ ├── chalk@1.1.3
115 silly currentTree │ ├── code-point-at@1.1.0
115 silly currentTree │ ├── combined-stream@1.0.5
115 silly currentTree │ ├── commander@2.9.0
115 silly currentTree │ ├── concat-map@0.0.1
115 silly currentTree │ ├── console-control-strings@1.1.0
115 silly currentTree │ ├── core-util-is@1.0.2
115 silly currentTree │ ├── cryptiles@2.0.5
115 silly currentTree │ ├─┬ dashdash@1.14.1
115 silly currentTree │ │ └── assert-plus@1.0.0
115 silly currentTree │ ├── debug@2.2.0
115 silly currentTree │ ├── deep-extend@0.4.1
115 silly currentTree │ ├── delayed-stream@1.0.0
115 silly currentTree │ ├── delegates@1.0.0
115 silly currentTree │ ├── ecc-jsbn@0.1.1
115 silly currentTree │ ├── escape-string-regexp@1.0.5
115 silly currentTree │ ├── extend@3.0.0
115 silly currentTree │ ├── extsprintf@1.0.2
115 silly currentTree │ ├── forever-agent@0.6.1
115 silly currentTree │ ├── form-data@2.1.2
115 silly currentTree │ ├── fs.realpath@1.0.0
115 silly currentTree │ ├── fstream-ignore@1.0.5
115 silly currentTree │ ├── fstream@1.0.10
115 silly currentTree │ ├── gauge@2.7.3
115 silly currentTree │ ├── generate-function@2.0.0
115 silly currentTree │ ├── generate-object-property@1.2.0
115 silly currentTree │ ├─┬ getpass@0.1.6
115 silly currentTree │ │ └── assert-plus@1.0.0
115 silly currentTree │ ├── glob@7.1.1
115 silly currentTree │ ├── graceful-fs@4.1.11
115 silly currentTree │ ├── graceful-readlink@1.0.1
115 silly currentTree │ ├── har-validator@2.0.6
115 silly currentTree │ ├── has-ansi@2.0.0
115 silly currentTree │ ├── has-unicode@2.0.1
115 silly currentTree │ ├── hawk@3.1.3
115 silly currentTree │ ├── hoek@2.16.3
115 silly currentTree │ ├── http-signature@1.1.1
115 silly currentTree │ ├── inflight@1.0.6
115 silly currentTree │ ├── inherits@2.0.3
115 silly currentTree │ ├── ini@1.3.4
115 silly currentTree │ ├── is-fullwidth-code-point@1.0.0
115 silly currentTree │ ├── is-my-json-valid@2.15.0
115 silly currentTree │ ├── is-property@1.0.2
115 silly currentTree │ ├── is-typedarray@1.0.0
115 silly currentTree │ ├── isarray@1.0.0
115 silly currentTree │ ├── isstream@0.1.2
115 silly currentTree │ ├── jodid25519@1.0.2
115 silly currentTree │ ├── jsbn@0.1.1
115 silly currentTree │ ├── json-schema@0.2.3
115 silly currentTree │ ├── json-stringify-safe@5.0.1
115 silly currentTree │ ├── jsonpointer@4.0.1
115 silly currentTree │ ├── jsprim@1.3.1
115 silly currentTree │ ├── mime-db@1.26.0
115 silly currentTree │ ├── mime-types@2.1.14
115 silly currentTree │ ├── minimatch@3.0.3
115 silly currentTree │ ├── minimist@0.0.8
115 silly currentTree │ ├── mkdirp@0.5.1
115 silly currentTree │ ├── ms@0.7.1
115 silly currentTree │ ├── node-pre-gyp@0.6.33
115 silly currentTree │ ├── nopt@3.0.6
115 silly currentTree │ ├── npmlog@4.0.2
115 silly currentTree │ ├── number-is-nan@1.0.1
115 silly currentTree │ ├── oauth-sign@0.8.2
115 silly currentTree │ ├── object-assign@4.1.1
115 silly currentTree │ ├── once@1.4.0
115 silly currentTree │ ├── path-is-absolute@1.0.1
115 silly currentTree │ ├── pinkie-promise@2.0.1
115 silly currentTree │ ├── pinkie@2.0.4
115 silly currentTree │ ├── process-nextick-args@1.0.7
115 silly currentTree │ ├── punycode@1.4.1
115 silly currentTree │ ├── qs@6.3.1
115 silly currentTree │ ├─┬ rc@1.1.7
115 silly currentTree │ │ └── minimist@1.2.0
115 silly currentTree │ ├── readable-stream@2.2.2
115 silly currentTree │ ├── request@2.79.0
115 silly currentTree │ ├── rimraf@2.5.4
115 silly currentTree │ ├── semver@5.3.0
115 silly currentTree │ ├── set-blocking@2.0.0
115 silly currentTree │ ├── signal-exit@3.0.2
115 silly currentTree │ ├── sntp@1.0.9
115 silly currentTree │ ├─┬ sshpk@1.10.2
115 silly currentTree │ │ └── assert-plus@1.0.0
115 silly currentTree │ ├── string_decoder@0.10.31
115 silly currentTree │ ├── string-width@1.0.2
115 silly currentTree │ ├── stringstream@0.0.5
115 silly currentTree │ ├── strip-ansi@3.0.1
115 silly currentTree │ ├── strip-json-comments@2.0.1
115 silly currentTree │ ├── supports-color@2.0.0
115 silly currentTree │ ├─┬ tar-pack@3.3.0
115 silly currentTree │ │ ├── once@1.3.3
115 silly currentTree │ │ └── readable-stream@2.1.5
115 silly currentTree │ ├── tar@2.2.1
115 silly currentTree │ ├── tough-cookie@2.3.2
115 silly currentTree │ ├── tunnel-agent@0.4.3
115 silly currentTree │ ├── tweetnacl@0.14.5
115 silly currentTree │ ├── uid-number@0.0.6
115 silly currentTree │ ├── util-deprecate@1.0.2
115 silly currentTree │ ├── uuid@3.0.1
115 silly currentTree │ ├── verror@1.3.6
115 silly currentTree │ ├── wide-align@1.1.0
115 silly currentTree │ ├── wrappy@1.0.2
115 silly currentTree │ └── xtend@4.0.1
115 silly currentTree ├─┬ fstream@1.0.11
115 silly currentTree │ ├── minimist@0.0.8
115 silly currentTree │ └── mkdirp@0.5.1
115 silly currentTree ├── gauge@2.7.4
115 silly currentTree ├── gaze@0.5.2
115 silly currentTree ├── generate-function@2.0.0
115 silly currentTree ├── generate-object-property@1.2.0
115 silly currentTree ├── get-caller-file@1.0.2
115 silly currentTree ├── get-proxy@1.1.0
115 silly currentTree ├── get-stdin@4.0.1
115 silly currentTree ├── get-stream@2.3.1
115 silly currentTree ├─┬ getpass@0.1.7
115 silly currentTree │ └── assert-plus@1.0.0
115 silly currentTree ├── gifsicle@3.0.4
115 silly currentTree ├── glob-base@0.3.0
115 silly currentTree ├── glob-parent@2.0.0
115 silly currentTree ├─┬ glob-stream@3.1.18
115 silly currentTree │ ├── isarray@0.0.1
115 silly currentTree │ ├── minimatch@2.0.10
115 silly currentTree │ ├── readable-stream@1.0.34
115 silly currentTree │ ├── string_decoder@0.10.31
115 silly currentTree │ └── through2@0.6.5
115 silly currentTree ├── glob-watcher@0.0.6
115 silly currentTree ├─┬ glob@4.5.3
115 silly currentTree │ └── minimatch@2.0.10
115 silly currentTree ├── glob2base@0.0.12
115 silly currentTree ├── global-modules@0.2.3
115 silly currentTree ├── global-prefix@0.1.5
115 silly currentTree ├─┬ globule@0.1.0
115 silly currentTree │ ├── glob@3.1.21
115 silly currentTree │ ├── graceful-fs@1.2.3
115 silly currentTree │ ├── inherits@1.0.2
115 silly currentTree │ ├── lodash@1.0.2
115 silly currentTree │ └── minimatch@0.2.14
115 silly currentTree ├── glogg@1.0.0
115 silly currentTree ├─┬ got@5.7.1
115 silly currentTree │ └── duplexer2@0.1.4
115 silly currentTree ├── graceful-fs@4.1.11
115 silly currentTree ├── graceful-readlink@1.0.1
115 silly currentTree ├── guetzli@1.0.1
115 silly currentTree ├─┬ gulp
115 silly currentTree │ └── semver@4.3.6
115 silly currentTree ├── gulp-decompress@1.2.0
115 silly currentTree ├── gulp-image@2.8.0
115 silly currentTree ├─┬ gulp-jshint@2.0.4
115 silly currentTree │ └── lodash@4.17.4
115 silly currentTree ├── gulp-load-plugins@1.5.0
115 silly currentTree ├─┬ gulp-newer@1.3.0
115 silly currentTree │ └── glob@7.1.1
115 silly currentTree ├── gulp-postcss@6.4.0
115 silly currentTree ├── gulp-rename@1.2.2
115 silly currentTree ├── gulp-sass@3.1.0
115 silly currentTree ├─┬ gulp-sourcemaps@1.6.0
115 silly currentTree │ └── vinyl@1.2.0
115 silly currentTree ├─┬ gulp-util@3.0.8
115 silly currentTree │ └── object-assign@3.0.0
115 silly currentTree ├─┬ gulp-watch@4.3.11
115 silly currentTree │ ├── glob-parent@3.1.0
115 silly currentTree │ ├── is-extglob@2.1.1
115 silly currentTree │ ├── is-glob@3.1.0
115 silly currentTree │ └── vinyl@1.2.0
115 silly currentTree ├── gulplog@1.0.0
115 silly currentTree ├── har-schema@1.0.5
115 silly currentTree ├── har-validator@2.0.6
115 silly currentTree ├── has-ansi@2.0.0
115 silly currentTree ├─┬ has-binary@0.1.7
115 silly currentTree │ └── isarray@0.0.1
115 silly currentTree ├── has-cors@1.1.0
115 silly currentTree ├── has-flag@1.0.0
115 silly currentTree ├── has-gulplog@0.1.0
115 silly currentTree ├── has-unicode@2.0.1
115 silly currentTree ├── hawk@3.1.3
115 silly currentTree ├── hoek@2.16.3
115 silly currentTree ├── homedir-polyfill@1.0.1
115 silly currentTree ├── hosted-git-info@2.4.2
115 silly currentTree ├── html-comment-regex@1.1.1
115 silly currentTree ├─┬ htmlparser2@3.8.3
115 silly currentTree │ ├── isarray@0.0.1
115 silly currentTree │ ├── readable-stream@1.1.14
115 silly currentTree │ └── string_decoder@0.10.31
115 silly currentTree ├── http-errors@1.5.1
115 silly currentTree ├── http-proxy@1.15.2
115 silly currentTree ├── http-signature@1.1.1
115 silly currentTree ├── immutable@3.8.1
115 silly currentTree ├── in-publish@2.0.0
115 silly currentTree ├── indent-string@2.1.0
115 silly currentTree ├── indexof@0.0.1
115 silly currentTree ├── inflight@1.0.6
115 silly currentTree ├── inherits@2.0.3
115 silly currentTree ├── ini@1.3.4
115 silly currentTree ├── interpret@1.0.3
115 silly currentTree ├── invert-kv@1.0.0
115 silly currentTree ├── ip-regex@1.0.3
115 silly currentTree ├── is-absolute@0.2.6
115 silly currentTree ├── is-arrayish@0.2.1
115 silly currentTree ├── is-binary-path@1.0.1
115 silly currentTree ├── is-buffer@1.1.5
115 silly currentTree ├── is-builtin-module@1.0.0
115 silly currentTree ├── is-bzip2@1.0.0
115 silly currentTree ├── is-directory@0.3.1
115 silly currentTree ├── is-dotfile@1.0.2
115 silly currentTree ├── is-equal-shallow@0.1.3
115 silly currentTree ├── is-extendable@0.1.1
115 silly currentTree ├── is-extglob@1.0.0
115 silly currentTree ├── is-finite@1.0.2
115 silly currentTree ├── is-fullwidth-code-point@1.0.0
115 silly currentTree ├── is-gif@1.0.0
115 silly currentTree ├── is-glob@2.0.1
115 silly currentTree ├── is-gzip@1.0.0
115 silly currentTree ├── is-jpg@1.0.0
115 silly currentTree ├── is-my-json-valid@2.16.0
115 silly currentTree ├── is-natural-number@2.1.1
115 silly currentTree ├── is-number-like@1.0.7
115 silly currentTree ├── is-number@2.1.0
115 silly currentTree ├── is-obj@1.0.1
115 silly currentTree ├── is-png@1.1.0
115 silly currentTree ├── is-posix-bracket@0.1.1
115 silly currentTree ├── is-primitive@2.0.0
115 silly currentTree ├── is-property@1.0.2
115 silly currentTree ├── is-redirect@1.0.0
115 silly currentTree ├── is-relative@0.2.1
115 silly currentTree ├── is-retry-allowed@1.1.0
115 silly currentTree ├── is-stream@1.1.0
115 silly currentTree ├── is-svg@2.1.0
115 silly currentTree ├── is-tar@1.0.0
115 silly currentTree ├── is-typedarray@1.0.0
115 silly currentTree ├── is-unc-path@0.1.2
115 silly currentTree ├── is-url@1.2.2
115 silly currentTree ├── is-utf8@0.2.1
115 silly currentTree ├── is-valid-glob@0.3.0
115 silly currentTree ├── is-windows@0.2.0
115 silly currentTree ├── is-zip@1.0.0
115 silly currentTree ├── isarray@1.0.0
115 silly currentTree ├── isexe@2.0.0
115 silly currentTree ├── isobject@2.1.0
115 silly currentTree ├── isstream@0.1.2
115 silly currentTree ├── jodid25519@1.0.2
115 silly currentTree ├── jpeg-recompress-bin@3.0.1
115 silly currentTree ├── jpegoptim-bin@3.0.0
115 silly currentTree ├── js-base64@2.1.9
115 silly currentTree ├── js-yaml@3.7.0
115 silly currentTree ├── jsbn@0.1.1
115 silly currentTree ├─┬ jshint@2.9.4
115 silly currentTree │ ├── lodash@3.7.0
115 silly currentTree │ └── strip-json-comments@1.0.4
115 silly currentTree ├── json-schema@0.2.3
115 silly currentTree ├── json-stable-stringify@1.0.1
115 silly currentTree ├── json-stringify-safe@5.0.1
115 silly currentTree ├── json3@3.3.2
115 silly currentTree ├── jsonfile@2.4.0
115 silly currentTree ├── jsonify@0.0.0
115 silly currentTree ├── jsonpointer@4.0.1
115 silly currentTree ├─┬ jsprim@1.4.0
115 silly currentTree │ └── assert-plus@1.0.0
115 silly currentTree ├── kew@0.7.0
115 silly currentTree ├── kind-of@3.2.0
115 silly currentTree ├── klaw@1.3.1
115 silly currentTree ├── lazy-req@1.1.0
115 silly currentTree ├── lazystream@1.0.0
115 silly currentTree ├── lcid@1.0.0
115 silly currentTree ├── liftoff@2.3.0
115 silly currentTree ├── limiter@1.1.0
115 silly currentTree ├── load-json-file@1.1.0
115 silly currentTree ├─┬ localtunnel@1.8.2
115 silly currentTree │ └── yargs@3.29.0
115 silly currentTree ├── lodash._basecopy@3.0.1
115 silly currentTree ├── lodash._basetostring@3.0.1
115 silly currentTree ├── lodash._basevalues@3.0.0
115 silly currentTree ├── lodash._getnative@3.9.1
115 silly currentTree ├── lodash._isiterateecall@3.0.9
115 silly currentTree ├── lodash._reescape@3.0.0
115 silly currentTree ├── lodash._reevaluate@3.0.0
115 silly currentTree ├── lodash._reinterpolate@3.0.0
115 silly currentTree ├── lodash._root@3.0.1
115 silly currentTree ├── lodash.assign@4.2.0
115 silly currentTree ├── lodash.assignwith@4.2.0
115 silly currentTree ├── lodash.clonedeep@4.5.0
115 silly currentTree ├── lodash.escape@3.2.0
115 silly currentTree ├── lodash.isarguments@3.1.0
115 silly currentTree ├── lodash.isarray@3.0.4
115 silly currentTree ├── lodash.isempty@4.4.0
115 silly currentTree ├── lodash.isequal@4.5.0
115 silly currentTree ├── lodash.isfinite@3.3.2
115 silly currentTree ├── lodash.isobject@3.0.2
115 silly currentTree ├── lodash.isplainobject@4.0.6
115 silly currentTree ├── lodash.isstring@4.0.1
115 silly currentTree ├── lodash.keys@3.1.2
115 silly currentTree ├── lodash.mapvalues@4.6.0
115 silly currentTree ├── lodash.merge@4.6.0
115 silly currentTree ├── lodash.mergewith@4.6.0
115 silly currentTree ├── lodash.pick@4.4.0
115 silly currentTree ├── lodash.restparam@3.6.1
115 silly currentTree ├── lodash.template@3.6.2
115 silly currentTree ├── lodash.templatesettings@3.1.1
115 silly currentTree ├── lodash@3.10.1
115 silly currentTree ├── logalot@2.1.0
115 silly currentTree ├── longest@1.0.1
115 silly currentTree ├── loud-rejection@1.6.0
115 silly currentTree ├── lowercase-keys@1.0.0
115 silly currentTree ├── lpad-align@1.1.0
115 silly currentTree ├── lpad@2.0.1
115 silly currentTree ├── lru-cache@2.7.3
115 silly currentTree ├── magic-string@0.14.0
115 silly currentTree ├── map-cache@0.2.2
115 silly currentTree ├── map-obj@1.0.1
115 silly currentTree ├── meow@3.7.0
115 silly currentTree ├── merge-stream@1.0.1
115 silly currentTree ├── micromatch@2.3.11
115 silly currentTree ├── mime-db@1.27.0
115 silly currentTree ├── mime-types@2.1.15
115 silly currentTree ├── mime@1.2.4
115 silly currentTree ├── minimatch@3.0.3
115 silly currentTree ├── minimist@1.2.0
115 silly currentTree ├── mkdirp@0.3.0
115 silly currentTree ├── mozjpeg@4.1.1
115 silly currentTree ├── ms@0.7.1
115 silly currentTree ├── multipipe@0.1.2
115 silly currentTree ├── nan@2.6.2
115 silly currentTree ├── natives@1.1.0
115 silly currentTree ├── negotiator@0.6.1
115 silly currentTree ├─┬ node-gyp@3.6.1
115 silly currentTree │ ├── glob@7.1.1
115 silly currentTree │ ├── minimist@0.0.8
115 silly currentTree │ └── mkdirp@0.5.1
115 silly currentTree ├─┬ node-sass@4.5.2
115 silly currentTree │ ├── caseless@0.12.0
115 silly currentTree │ ├── cross-spawn@3.0.1
115 silly currentTree │ ├── gaze@1.1.2
115 silly currentTree │ ├── glob@7.1.1
115 silly currentTree │ ├── globule@1.1.0
115 silly currentTree │ ├── har-validator@4.2.1
115 silly currentTree │ ├── lodash@4.16.6
115 silly currentTree │ ├── lru-cache@4.0.2
115 silly currentTree │ ├── minimist@0.0.8
115 silly currentTree │ ├── mkdirp@0.5.1
115 silly currentTree │ ├── qs@6.4.0
115 silly currentTree │ ├── request@2.81.0
115 silly currentTree │ ├── tunnel-agent@0.6.0
115 silly currentTree │ └── uuid@3.0.1
115 silly currentTree ├── node-status-codes@1.0.0
115 silly currentTree ├── node-uuid@1.4.8
115 silly currentTree ├── nopt@3.0.6
115 silly currentTree ├── normalize-package-data@2.3.8
115 silly currentTree ├── normalize-path@2.1.1
115 silly currentTree ├── normalize-range@0.1.2
115 silly currentTree ├── npm-run-path@2.0.2
115 silly currentTree ├── npmlog@4.0.2
115 silly currentTree ├── num2fraction@1.2.2
115 silly currentTree ├── number-is-nan@1.0.1
115 silly currentTree ├── oauth-sign@0.8.2
115 silly currentTree ├── object-assign@4.1.1
115 silly currentTree ├── object-component@0.0.3
115 silly currentTree ├── object-path@0.9.2
115 silly currentTree ├── object.omit@2.0.1
115 silly currentTree ├── on-finished@2.3.0
115 silly currentTree ├── once@1.3.3
115 silly currentTree ├── onetime@1.1.0
115 silly currentTree ├── openurl@1.1.0
115 silly currentTree ├── opn@4.0.2
115 silly currentTree ├── options@0.0.6
115 silly currentTree ├── optipng-bin@3.1.4
115 silly currentTree ├── orchestrator@0.3.8
115 silly currentTree ├── ordered-read-streams@0.1.0
115 silly currentTree ├── os-filter-obj@1.0.3
115 silly currentTree ├── os-homedir@1.0.2
115 silly currentTree ├── os-locale@1.4.0
115 silly currentTree ├── os-tmpdir@1.0.2
115 silly currentTree ├── osenv@0.1.4
115 silly currentTree ├── p-finally@1.0.0
115 silly currentTree ├── parse-filepath@1.0.1
115 silly currentTree ├── parse-glob@3.0.4
115 silly currentTree ├── parse-json@2.2.0
115 silly currentTree ├── parse-passwd@1.0.0
115 silly currentTree ├── parsejson@0.0.3
115 silly currentTree ├── parseqs@0.0.5
115 silly currentTree ├── parseuri@0.0.5
115 silly currentTree ├── parseurl@1.3.1
115 silly currentTree ├── path-dirname@1.0.2
115 silly currentTree ├── path-exists@2.1.0
115 silly currentTree ├── path-is-absolute@1.0.1
115 silly currentTree ├── path-key@2.0.1
115 silly currentTree ├── path-parse@1.0.5
115 silly currentTree ├── path-root-regex@0.1.2
115 silly currentTree ├── path-root@0.1.1
115 silly currentTree ├── path-type@1.1.0
115 silly currentTree ├── pend@1.2.0
115 silly currentTree ├── performance-now@0.2.0
115 silly currentTree ├── pify@2.3.0
115 silly currentTree ├── pinkie-promise@2.0.1
115 silly currentTree ├── pinkie@2.0.4
115 silly currentTree ├── pngquant-bin@3.1.1
115 silly currentTree ├── portscanner@2.1.1
115 silly currentTree ├── postcss-load-config@1.2.0
115 silly currentTree ├── postcss-load-options@1.2.0
115 silly currentTree ├── postcss-load-plugins@2.3.0
115 silly currentTree ├── postcss-value-parser@3.3.0
115 silly currentTree ├─┬ postcss@5.2.17
115 silly currentTree │ └── supports-color@3.2.3
115 silly currentTree ├── prepend-http@1.0.4
115 silly currentTree ├── preserve@0.2.0
115 silly currentTree ├── pretty-hrtime@1.0.3
115 silly currentTree ├── process-nextick-args@1.0.7
115 silly currentTree ├── pseudomap@1.0.2
115 silly currentTree ├── punycode@1.4.1
115 silly currentTree ├── q@1.5.0
115 silly currentTree ├── qs@6.2.1
115 silly currentTree ├── randomatic@1.1.6
115 silly currentTree ├── range-parser@1.2.0
115 silly currentTree ├── rc@1.2.1
115 silly currentTree ├── rcfinder@0.1.9
115 silly currentTree ├── rcloader@0.2.2
115 silly currentTree ├── read-all-stream@3.1.0
115 silly currentTree ├── read-pkg-up@1.0.1
115 silly currentTree ├── read-pkg@1.1.0
115 silly currentTree ├── readable-stream@2.2.9
115 silly currentTree ├── readdirp@2.1.0
115 silly currentTree ├── rechoir@0.6.2
115 silly currentTree ├── redent@1.0.0
115 silly currentTree ├── regex-cache@0.4.3
115 silly currentTree ├── remove-trailing-separator@1.0.1
115 silly currentTree ├── repeat-element@1.1.2
115 silly currentTree ├── repeat-string@1.6.1
115 silly currentTree ├── repeating@2.0.1
115 silly currentTree ├── replace-ext@0.0.1
115 silly currentTree ├─┬ request@2.78.0
115 silly currentTree │ └── qs@6.3.2
115 silly currentTree ├── require-directory@2.1.1
115 silly currentTree ├── require-from-string@1.2.1
115 silly currentTree ├── require-main-filename@1.0.1
115 silly currentTree ├── requires-port@1.0.0
115 silly currentTree ├── resolve-dir@0.1.1
115 silly currentTree ├── resolve@1.3.3
115 silly currentTree ├── resp-modifier@6.0.2
115 silly currentTree ├─┬ rimraf@2.6.1
115 silly currentTree │ └── glob@7.1.1
115 silly currentTree ├── rx@4.1.0
115 silly currentTree ├── safe-buffer@5.0.1
115 silly currentTree ├─┬ sass-graph@2.2.2
115 silly currentTree │ ├── camelcase@3.0.0
115 silly currentTree │ ├── glob@7.1.1
115 silly currentTree │ ├── lodash@4.17.4
115 silly currentTree │ └── yargs@6.6.0
115 silly currentTree ├── sax@1.2.2
115 silly currentTree ├─┬ scss-tokenizer@0.2.1
115 silly currentTree │ └── source-map@0.4.4
115 silly currentTree ├─┬ seek-bzip@1.0.5
115 silly currentTree │ └── commander@2.8.1
115 silly currentTree ├── semver-regex@1.0.0
115 silly currentTree ├── semver-truncate@1.1.2
115 silly currentTree ├── semver@5.3.0
115 silly currentTree ├─┬ send@0.14.1
115 silly currentTree │ ├── etag@1.7.0
115 silly currentTree │ └── mime@1.3.4
115 silly currentTree ├── sequencify@0.0.7
115 silly currentTree ├── serve-index@1.8.0
115 silly currentTree ├── serve-static@1.11.1
115 silly currentTree ├── server-destroy@1.0.1
115 silly currentTree ├── set-blocking@2.0.0
115 silly currentTree ├── set-immediate-shim@1.0.1
115 silly currentTree ├── setprototypeof@1.0.2
115 silly currentTree ├── shebang-command@1.2.0
115 silly currentTree ├── shebang-regex@1.0.0
115 silly currentTree ├── shelljs@0.3.0
115 silly currentTree ├── sigmund@1.0.1
115 silly currentTree ├── signal-exit@3.0.2
115 silly currentTree ├── slash@1.0.0
115 silly currentTree ├── sntp@1.0.9
115 silly currentTree ├─┬ socket.io-adapter@0.5.0
115 silly currentTree │ ├── debug@2.3.3
115 silly currentTree │ └── ms@0.7.2
115 silly currentTree ├─┬ socket.io-client@1.6.0
115 silly currentTree │ ├── component-emitter@1.2.1
115 silly currentTree │ ├── debug@2.3.3
115 silly currentTree │ └── ms@0.7.2
115 silly currentTree ├─┬ socket.io-parser@2.3.1
115 silly currentTree │ └── isarray@0.0.1
115 silly currentTree ├─┬ socket.io@1.6.0
115 silly currentTree │ ├── debug@2.3.3
115 silly currentTree │ ├── ms@0.7.2
115 silly currentTree │ └── object-assign@4.1.0
115 silly currentTree ├── source-map@0.5.6
115 silly currentTree ├── sparkles@1.0.0
115 silly currentTree ├── spdx-correct@1.0.2
115 silly currentTree ├── spdx-expression-parse@1.0.4
115 silly currentTree ├── spdx-license-ids@1.2.2
115 silly currentTree ├── sprintf-js@1.0.3
115 silly currentTree ├── squeak@1.3.0
115 silly currentTree ├─┬ sshpk@1.13.0
115 silly currentTree │ └── assert-plus@1.0.0
115 silly currentTree ├── stat-mode@0.2.2
115 silly currentTree ├── statuses@1.3.1
115 silly currentTree ├── stdout-stream@1.4.0
115 silly currentTree ├─┬ stream-combiner2@1.1.1
115 silly currentTree │ └── duplexer2@0.1.4
115 silly currentTree ├── stream-consume@0.1.0
115 silly currentTree ├── stream-shift@1.0.0
115 silly currentTree ├── stream-throttle@0.1.3
115 silly currentTree ├── string_decoder@1.0.0
115 silly currentTree ├── string-width@1.0.2
115 silly currentTree ├── stringstream@0.0.5
115 silly currentTree ├── strip-ansi@3.0.1
115 silly currentTree ├── strip-bom-stream@1.0.0
115 silly currentTree ├── strip-bom@2.0.0
115 silly currentTree ├─┬ strip-dirs@1.1.1
115 silly currentTree │ ├── is-absolute@0.1.7
115 silly currentTree │ └── is-relative@0.1.3
115 silly currentTree ├── strip-eof@1.0.0
115 silly currentTree ├── strip-indent@1.0.1
115 silly currentTree ├── strip-json-comments@2.0.1
115 silly currentTree ├── strip-outer@1.0.0
115 silly currentTree ├── sum-up@1.0.3
115 silly currentTree ├── supports-color@2.0.0
115 silly currentTree ├─┬ svgo@0.7.2
115 silly currentTree │ ├── minimist@0.0.8
115 silly currentTree │ └── mkdirp@0.5.1
115 silly currentTree ├─┬ tar-stream@1.5.2
115 silly currentTree │ ├── end-of-stream@1.4.0
115 silly currentTree │ └── once@1.4.0
115 silly currentTree ├── tar@2.2.1
115 silly currentTree ├── tempfile@1.1.1
115 silly currentTree ├── tfunk@3.1.0
115 silly currentTree ├── through2-concurrent@1.1.1
115 silly currentTree ├── through2-filter@2.0.0
115 silly currentTree ├── through2@2.0.3
115 silly currentTree ├── tildify@1.2.0
115 silly currentTree ├── time-stamp@1.0.1
115 silly currentTree ├── timed-out@3.1.3
115 silly currentTree ├── to-absolute-glob@0.1.1
115 silly currentTree ├── to-array@0.1.4
115 silly currentTree ├── tough-cookie@2.3.2
115 silly currentTree ├── trim-newlines@1.0.0
115 silly currentTree ├── trim-repeated@1.0.0
115 silly currentTree ├── tunnel-agent@0.4.3
115 silly currentTree ├── tweetnacl@0.14.5
115 silly currentTree ├── typedarray@0.0.6
115 silly currentTree ├── ua-parser-js@0.7.12
115 silly currentTree ├── ultron@1.0.2
115 silly currentTree ├── unc-path-regex@0.1.2
115 silly currentTree ├── underscore@1.7.0
115 silly currentTree ├── unique-stream@1.0.0
115 silly currentTree ├── unpipe@1.0.0
115 silly currentTree ├── unzip-response@1.0.2
115 silly currentTree ├── url-parse-lax@1.0.0
115 silly currentTree ├── url-regex@3.2.0
115 silly currentTree ├── user-home@1.1.1
115 silly currentTree ├── util-deprecate@1.0.2
115 silly currentTree ├── utils-merge@1.0.0
115 silly currentTree ├── uuid@2.0.3
115 silly currentTree ├── v8flags@2.1.1
115 silly currentTree ├── vali-date@1.0.0
115 silly currentTree ├── validate-npm-package-license@3.0.1
115 silly currentTree ├── verror@1.3.6
115 silly currentTree ├── vinyl-assign@1.2.1
115 silly currentTree ├─┬ vinyl-file@2.0.0
115 silly currentTree │ ├── first-chunk-stream@2.0.0
115 silly currentTree │ ├── strip-bom-stream@2.0.0
115 silly currentTree │ └── vinyl@1.2.0
115 silly currentTree ├─┬ vinyl-fs@0.3.14
115 silly currentTree │ ├── clone@0.2.0
115 silly currentTree │ ├── graceful-fs@3.0.11
115 silly currentTree │ ├── isarray@0.0.1
115 silly currentTree │ ├── minimist@0.0.8
115 silly currentTree │ ├── mkdirp@0.5.1
115 silly currentTree │ ├── readable-stream@1.0.34
115 silly currentTree │ ├── string_decoder@0.10.31
115 silly currentTree │ ├── strip-bom@1.0.0
115 silly currentTree │ ├── through2@0.6.5
115 silly currentTree │ └── vinyl@0.4.6
115 silly currentTree ├── vinyl-sourcemaps-apply@0.2.1
115 silly currentTree ├── vinyl@0.5.3
115 silly currentTree ├── vlq@0.2.2
115 silly currentTree ├── ware@1.3.0
115 silly currentTree ├── weinre@2.0.0-pre-I0Z7U9OV
115 silly currentTree ├── whet.extend@0.9.9
115 silly currentTree ├── which-module@1.0.0
115 silly currentTree ├── which@1.2.14
115 silly currentTree ├── wide-align@1.1.0
115 silly currentTree ├── window-size@0.1.4
115 silly currentTree ├── wrap-ansi@2.1.0
115 silly currentTree ├── wrap-fn@0.1.5
115 silly currentTree ├── wrappy@1.0.2
115 silly currentTree ├── ws@1.1.1
115 silly currentTree ├── wtf-8@1.0.0
115 silly currentTree ├── xmlhttprequest-ssl@1.5.3
115 silly currentTree ├── xtend@4.0.1
115 silly currentTree ├── y18n@3.2.1
115 silly currentTree ├── yallist@2.1.2
115 silly currentTree ├─┬ yargs-parser@4.2.1
115 silly currentTree │ └── camelcase@3.0.0
115 silly currentTree ├─┬ yargs@6.4.0
115 silly currentTree │ ├── camelcase@3.0.0
115 silly currentTree │ └── window-size@0.2.0
115 silly currentTree ├── yauzl@2.8.0
115 silly currentTree ├── yeast@0.1.2
115 silly currentTree └── zopflipng-bin@3.0.1
116 silly idealTree CassandraGoodby
116 silly idealTree ├── abbrev@1.1.0
116 silly idealTree ├── accepts@1.3.3
116 silly idealTree ├── acorn-jsx@3.0.1
116 silly idealTree ├── acorn-object-spread@1.0.0
116 silly idealTree ├── acorn@3.3.0
116 silly idealTree ├── after@0.8.1
116 silly idealTree ├─┬ ajv@4.11.8
116 silly idealTree │ └── co@4.6.0
116 silly idealTree ├── amdefine@1.0.1
116 silly idealTree ├── ansi-regex@2.1.1
116 silly idealTree ├── ansi-styles@2.2.1
116 silly idealTree ├── anymatch@1.3.0
116 silly idealTree ├── aproba@1.1.1
116 silly idealTree ├── archive-type@3.2.0
116 silly idealTree ├── archy@1.0.0
116 silly idealTree ├── are-we-there-yet@1.1.4
116 silly idealTree ├── argparse@1.0.9
116 silly idealTree ├── arr-diff@2.0.0
116 silly idealTree ├── arr-flatten@1.0.3
116 silly idealTree ├── array-differ@1.0.0
116 silly idealTree ├── array-find-index@1.0.2
116 silly idealTree ├── array-uniq@1.0.3
116 silly idealTree ├── array-unique@0.2.1
116 silly idealTree ├── arraybuffer.slice@0.0.6
116 silly idealTree ├── arrify@1.0.1
116 silly idealTree ├── asn1@0.2.3
116 silly idealTree ├── assert-plus@0.2.0
116 silly idealTree ├── async-each-series@0.1.1
116 silly idealTree ├── async-each@1.0.1
116 silly idealTree ├── async-foreach@0.1.3
116 silly idealTree ├── async@1.5.2
116 silly idealTree ├── asynckit@0.4.0
116 silly idealTree ├── autoprefixer@6.7.7
116 silly idealTree ├── aws-sign2@0.6.0
116 silly idealTree ├── aws4@1.6.0
116 silly idealTree ├── backo2@1.0.2
116 silly idealTree ├── balanced-match@0.4.2
116 silly idealTree ├── base64-arraybuffer@0.1.5
116 silly idealTree ├── base64id@0.1.0
116 silly idealTree ├── batch@0.5.3
116 silly idealTree ├── bcrypt-pbkdf@1.0.1
116 silly idealTree ├── beeper@1.1.1
116 silly idealTree ├── better-assert@1.0.2
116 silly idealTree ├── bin-build@2.2.0
116 silly idealTree ├── bin-check@2.0.0
116 silly idealTree ├─┬ bin-version-check@2.1.0
116 silly idealTree │ └── semver@4.3.6
116 silly idealTree ├── bin-version@1.0.4
116 silly idealTree ├── bin-wrapper@3.0.2
116 silly idealTree ├── binary-extensions@1.8.0
116 silly idealTree ├── bl@1.2.1
116 silly idealTree ├── blob@0.0.4
116 silly idealTree ├── block-stream@0.0.9
116 silly idealTree ├── boom@2.10.1
116 silly idealTree ├── brace-expansion@1.1.7
116 silly idealTree ├── braces@1.8.5
116 silly idealTree ├── browser-sync-client@2.4.5
116 silly idealTree ├── browser-sync-ui@0.6.3
116 silly idealTree ├── browser-sync@2.18.8
116 silly idealTree ├── browserslist@1.7.7
116 silly idealTree ├── bs-recipes@1.3.4
116 silly idealTree ├── buble@0.12.5
116 silly idealTree ├── bubleify@0.5.1
116 silly idealTree ├── buffer-crc32@0.2.13
116 silly idealTree ├── buffer-shims@1.0.0
116 silly idealTree ├─┬ buffer-to-vinyl@1.1.0
116 silly idealTree │ └── vinyl@1.2.0
116 silly idealTree ├── builtin-modules@1.1.1
116 silly idealTree ├── callsite@1.0.0
116 silly idealTree ├─┬ camelcase-keys@2.1.0
116 silly idealTree │ └── camelcase@2.1.1
116 silly idealTree ├── camelcase@1.2.1
116 silly idealTree ├── caniuse-db@1.0.30000665
116 silly idealTree ├── capture-stack-trace@1.0.0
116 silly idealTree ├── caseless@0.11.0
116 silly idealTree ├─┬ caw@1.2.0
116 silly idealTree │ └── object-assign@3.0.0
116 silly idealTree ├── chalk@1.1.3
116 silly idealTree ├── chokidar@1.6.1
116 silly idealTree ├── clap@1.1.3
116 silly idealTree ├─┬ cli@1.0.1
116 silly idealTree │ └── glob@7.1.1
116 silly idealTree ├── cliui@3.2.0
116 silly idealTree ├── clone-stats@0.0.1
116 silly idealTree ├── clone@1.0.2
116 silly idealTree ├── co@3.1.0
116 silly idealTree ├── coa@1.0.1
116 silly idealTree ├── code-point-at@1.1.0
116 silly idealTree ├── colors@1.1.2
116 silly idealTree ├── combined-stream@1.0.5
116 silly idealTree ├── commander@2.9.0
116 silly idealTree ├── component-bind@1.0.0
116 silly idealTree ├── component-emitter@1.1.2
116 silly idealTree ├── component-inherit@0.0.3
116 silly idealTree ├── concat-map@0.0.1
116 silly idealTree ├── concat-stream@1.6.0
116 silly idealTree ├── connect-history-api-fallback@1.3.0
116 silly idealTree ├── connect@3.5.0
116 silly idealTree ├── console-browserify@1.1.0
116 silly idealTree ├── console-control-strings@1.1.0
116 silly idealTree ├── console-stream@0.1.1
116 silly idealTree ├── convert-source-map@1.5.0
116 silly idealTree ├── cookie@0.3.1
116 silly idealTree ├── core-util-is@1.0.2
116 silly idealTree ├── cosmiconfig@2.1.3
116 silly idealTree ├── create-error-class@3.0.2
116 silly idealTree ├─┬ cross-spawn@4.0.2
116 silly idealTree │ └── lru-cache@4.0.2
116 silly idealTree ├── cryptiles@2.0.5
116 silly idealTree ├── csso@2.3.2
116 silly idealTree ├── currently-unhandled@0.4.1
116 silly idealTree ├─┬ dashdash@1.14.1
116 silly idealTree │ └── assert-plus@1.0.0
116 silly idealTree ├── date-now@0.1.4
116 silly idealTree ├── dateformat@2.0.0
116 silly idealTree ├── debug@2.2.0
116 silly idealTree ├── decamelize@1.2.0
116 silly idealTree ├─┬ decompress-tar@3.1.0
116 silly idealTree │ ├── clone@0.2.0
116 silly idealTree │ ├── isarray@0.0.1
116 silly idealTree │ ├── object-assign@2.1.1
116 silly idealTree │ ├── readable-stream@1.0.34
116 silly idealTree │ ├── string_decoder@0.10.31
116 silly idealTree │ ├── through2@0.6.5
116 silly idealTree │ └── vinyl@0.4.6
116 silly idealTree ├─┬ decompress-tarbz2@3.1.0
116 silly idealTree │ ├── clone@0.2.0
116 silly idealTree │ ├── isarray@0.0.1
116 silly idealTree │ ├── object-assign@2.1.1
116 silly idealTree │ ├── readable-stream@1.0.34
116 silly idealTree │ ├── string_decoder@0.10.31
116 silly idealTree │ ├── through2@0.6.5
116 silly idealTree │ └── vinyl@0.4.6
116 silly idealTree ├─┬ decompress-targz@3.1.0
116 silly idealTree │ ├── clone@0.2.0
116 silly idealTree │ ├── isarray@0.0.1
116 silly idealTree │ ├── object-assign@2.1.1
116 silly idealTree │ ├── readable-stream@1.0.34
116 silly idealTree │ ├── string_decoder@0.10.31
116 silly idealTree │ ├── through2@0.6.5
116 silly idealTree │ └── vinyl@0.4.6
116 silly idealTree ├─┬ decompress-unzip@3.4.0
116 silly idealTree │ └── vinyl@1.2.0
116 silly idealTree ├─┬ decompress@3.0.0
116 silly idealTree │ ├── glob-parent@3.1.0
116 silly idealTree │ ├─┬ glob-stream@5.3.5
116 silly idealTree │ │ ├── readable-stream@1.0.34
116 silly idealTree │ │ └── through2@0.6.5
116 silly idealTree │ ├── glob@5.0.15
116 silly idealTree │ ├── is-extglob@2.1.1
116 silly idealTree │ ├── is-glob@3.1.0
116 silly idealTree │ ├── isarray@0.0.1
116 silly idealTree │ ├── minimist@0.0.8
116 silly idealTree │ ├── mkdirp@0.5.1
116 silly idealTree │ ├── ordered-read-streams@0.3.0
116 silly idealTree │ ├── string_decoder@0.10.31
116 silly idealTree │ ├── unique-stream@2.2.1
116 silly idealTree │ ├── vinyl-fs@2.4.4
116 silly idealTree │ └── vinyl@1.2.0
116 silly idealTree ├── deep-extend@0.4.1
116 silly idealTree ├── defaults@1.0.3
116 silly idealTree ├── delayed-stream@1.0.0
116 silly idealTree ├── delegates@1.0.0
116 silly idealTree ├── depd@1.1.0
116 silly idealTree ├── deprecated@0.0.1
116 silly idealTree ├── destroy@1.0.4
116 silly idealTree ├── detect-file@0.1.0
116 silly idealTree ├── dev-ip@1.0.1
116 silly idealTree ├─┬ dom-serializer@0.1.0
116 silly idealTree │ ├── domelementtype@1.1.3
116 silly idealTree │ └── entities@1.1.1
116 silly idealTree ├── domelementtype@1.3.0
116 silly idealTree ├── domhandler@2.3.0
116 silly idealTree ├── domutils@1.5.1
116 silly idealTree ├─┬ download@4.4.3
116 silly idealTree │ ├── glob-parent@3.1.0
116 silly idealTree │ ├─┬ glob-stream@5.3.5
116 silly idealTree │ │ ├── readable-stream@1.0.34
116 silly idealTree │ │ └── through2@0.6.5
116 silly idealTree │ ├── glob@5.0.15
116 silly idealTree │ ├── is-extglob@2.1.1
116 silly idealTree │ ├── is-glob@3.1.0
116 silly idealTree │ ├── isarray@0.0.1
116 silly idealTree │ ├── minimist@0.0.8
116 silly idealTree │ ├── mkdirp@0.5.1
116 silly idealTree │ ├── ordered-read-streams@0.3.0
116 silly idealTree │ ├── string_decoder@0.10.31
116 silly idealTree │ ├── unique-stream@2.2.1
116 silly idealTree │ ├── vinyl-fs@2.4.4
116 silly idealTree │ └── vinyl@1.2.0
116 silly idealTree ├─┬ duplexer2@0.0.2
116 silly idealTree │ ├── isarray@0.0.1
116 silly idealTree │ ├── readable-stream@1.1.14
116 silly idealTree │ └── string_decoder@0.10.31
116 silly idealTree ├─┬ duplexify@3.5.0
116 silly idealTree │ └── end-of-stream@1.0.0
116 silly idealTree ├── each-async@1.1.1
116 silly idealTree ├── easy-extender@2.3.2
116 silly idealTree ├── eazy-logger@3.0.2
116 silly idealTree ├── ecc-jsbn@0.1.1
116 silly idealTree ├── ee-first@1.1.1
116 silly idealTree ├── electron-to-chromium@1.3.9
116 silly idealTree ├── emitter-steward@1.0.0
116 silly idealTree ├── encodeurl@1.0.1
116 silly idealTree ├── end-of-stream@0.1.5
116 silly idealTree ├─┬ engine.io-client@1.8.0
116 silly idealTree │ ├── component-emitter@1.2.1
116 silly idealTree │ ├── debug@2.3.3
116 silly idealTree │ └── ms@0.7.2
116 silly idealTree ├─┬ engine.io-parser@1.3.1
116 silly idealTree │ ├── has-binary@0.1.6
116 silly idealTree │ └── isarray@0.0.1
116 silly idealTree ├─┬ engine.io@1.8.0
116 silly idealTree │ ├── debug@2.3.3
116 silly idealTree │ └── ms@0.7.2
116 silly idealTree ├── entities@1.0.0
116 silly idealTree ├── error-ex@1.3.1
116 silly idealTree ├── escape-html@1.0.3
116 silly idealTree ├── escape-string-regexp@1.0.5
116 silly idealTree ├── esprima@2.7.3
116 silly idealTree ├── etag@1.8.0
116 silly idealTree ├── eventemitter3@1.2.0
116 silly idealTree ├─┬ exec-buffer@3.1.0
116 silly idealTree │ └── execa@0.5.1
116 silly idealTree ├─┬ exec-series@1.0.3
116 silly idealTree │ └── async-each-series@1.1.0
116 silly idealTree ├─┬ execa@0.6.3
116 silly idealTree │ ├── cross-spawn@5.1.0
116 silly idealTree │ ├── get-stream@3.0.0
116 silly idealTree │ └── lru-cache@4.0.2
116 silly idealTree ├── executable@1.1.0
116 silly idealTree ├── exit@0.1.2
116 silly idealTree ├── expand-brackets@0.1.5
116 silly idealTree ├── expand-range@1.8.2
116 silly idealTree ├── expand-tilde@1.2.2
116 silly idealTree ├─┬ express@2.5.11
116 silly idealTree │ ├── connect@1.9.2
116 silly idealTree │ └── qs@0.4.2
116 silly idealTree ├── extend-shallow@2.0.1
116 silly idealTree ├── extend@3.0.1
116 silly idealTree ├── extglob@0.3.2
116 silly idealTree ├── extsprintf@1.0.2
116 silly idealTree ├── fancy-log@1.3.0
116 silly idealTree ├── fd-slicer@1.0.1
116 silly idealTree ├── figures@1.7.0
116 silly idealTree ├── file-type@3.9.0
116 silly idealTree ├── filename-regex@2.0.1
116 silly idealTree ├── filename-reserved-regex@1.0.0
116 silly idealTree ├── filenamify@1.2.1
116 silly idealTree ├── filesize@3.5.9
116 silly idealTree ├── fill-range@2.2.3
116 silly idealTree ├── finalhandler@0.5.0
116 silly idealTree ├── find-index@0.1.1
116 silly idealTree ├── find-up@1.1.2
116 silly idealTree ├── find-versions@1.2.1
116 silly idealTree ├── findup-sync@0.4.3
116 silly idealTree ├── fined@1.0.2
116 silly idealTree ├── first-chunk-stream@1.0.0
116 silly idealTree ├── flagged-respawn@0.3.2
116 silly idealTree ├── for-in@1.0.2
116 silly idealTree ├── for-own@0.1.5
116 silly idealTree ├── forever-agent@0.6.1
116 silly idealTree ├── form-data@2.1.4
116 silly idealTree ├── formidable@1.0.17
116 silly idealTree ├── fresh@0.3.0
116 silly idealTree ├── fs-exists-sync@0.1.0
116 silly idealTree ├── fs-extra@1.0.0
116 silly idealTree ├── fs.realpath@1.0.0
116 silly idealTree ├─┬ fsevents@1.1.1
116 silly idealTree │ ├── abbrev@1.1.0
116 silly idealTree │ ├── ansi-regex@2.1.1
116 silly idealTree │ ├── ansi-styles@2.2.1
116 silly idealTree │ ├── aproba@1.1.1
116 silly idealTree │ ├── are-we-there-yet@1.1.2
116 silly idealTree │ ├── asn1@0.2.3
116 silly idealTree │ ├── assert-plus@0.2.0
116 silly idealTree │ ├── asynckit@0.4.0
116 silly idealTree │ ├── aws-sign2@0.6.0
116 silly idealTree │ ├── aws4@1.6.0
116 silly idealTree │ ├── balanced-match@0.4.2
116 silly idealTree │ ├── bcrypt-pbkdf@1.0.1
116 silly idealTree │ ├── block-stream@0.0.9
116 silly idealTree │ ├── boom@2.10.1
116 silly idealTree │ ├── brace-expansion@1.1.6
116 silly idealTree │ ├── buffer-shims@1.0.0
116 silly idealTree │ ├── caseless@0.11.0
116 silly idealTree │ ├── chalk@1.1.3
116 silly idealTree │ ├── code-point-at@1.1.0
116 silly idealTree │ ├── combined-stream@1.0.5
116 silly idealTree │ ├── commander@2.9.0
116 silly idealTree │ ├── concat-map@0.0.1
116 silly idealTree │ ├── console-control-strings@1.1.0
116 silly idealTree │ ├── core-util-is@1.0.2
116 silly idealTree │ ├── cryptiles@2.0.5
116 silly idealTree │ ├─┬ dashdash@1.14.1
116 silly idealTree │ │ └── assert-plus@1.0.0
116 silly idealTree │ ├── debug@2.2.0
116 silly idealTree │ ├── deep-extend@0.4.1
116 silly idealTree │ ├── delayed-stream@1.0.0
116 silly idealTree │ ├── delegates@1.0.0
116 silly idealTree │ ├── ecc-jsbn@0.1.1
116 silly idealTree │ ├── escape-string-regexp@1.0.5
116 silly idealTree │ ├── extend@3.0.0
116 silly idealTree │ ├── extsprintf@1.0.2
116 silly idealTree │ ├── forever-agent@0.6.1
116 silly idealTree │ ├── form-data@2.1.2
116 silly idealTree │ ├── fs.realpath@1.0.0
116 silly idealTree │ ├── fstream-ignore@1.0.5
116 silly idealTree │ ├── fstream@1.0.10
116 silly idealTree │ ├── gauge@2.7.3
116 silly idealTree │ ├── generate-function@2.0.0
116 silly idealTree │ ├── generate-object-property@1.2.0
116 silly idealTree │ ├─┬ getpass@0.1.6
116 silly idealTree │ │ └── assert-plus@1.0.0
116 silly idealTree │ ├── glob@7.1.1
116 silly idealTree │ ├── graceful-fs@4.1.11
116 silly idealTree │ ├── graceful-readlink@1.0.1
116 silly idealTree │ ├── har-validator@2.0.6
116 silly idealTree │ ├── has-ansi@2.0.0
116 silly idealTree │ ├── has-unicode@2.0.1
116 silly idealTree │ ├── hawk@3.1.3
116 silly idealTree │ ├── hoek@2.16.3
116 silly idealTree │ ├── http-signature@1.1.1
116 silly idealTree │ ├── inflight@1.0.6
116 silly idealTree │ ├── inherits@2.0.3
116 silly idealTree │ ├── ini@1.3.4
116 silly idealTree │ ├── is-fullwidth-code-point@1.0.0
116 silly idealTree │ ├── is-my-json-valid@2.15.0
116 silly idealTree │ ├── is-property@1.0.2
116 silly idealTree │ ├── is-typedarray@1.0.0
116 silly idealTree │ ├── isarray@1.0.0
116 silly idealTree │ ├── isstream@0.1.2
116 silly idealTree │ ├── jodid25519@1.0.2
116 silly idealTree │ ├── jsbn@0.1.1
116 silly idealTree │ ├── json-schema@0.2.3
116 silly idealTree │ ├── json-stringify-safe@5.0.1
116 silly idealTree │ ├── jsonpointer@4.0.1
116 silly idealTree │ ├── jsprim@1.3.1
116 silly idealTree │ ├── mime-db@1.26.0
116 silly idealTree │ ├── mime-types@2.1.14
116 silly idealTree │ ├── minimatch@3.0.3
116 silly idealTree │ ├── minimist@0.0.8
116 silly idealTree │ ├── mkdirp@0.5.1
116 silly idealTree │ ├── ms@0.7.1
116 silly idealTree │ ├── node-pre-gyp@0.6.33
116 silly idealTree │ ├── nopt@3.0.6
116 silly idealTree │ ├── npmlog@4.0.2
116 silly idealTree │ ├── number-is-nan@1.0.1
116 silly idealTree │ ├── oauth-sign@0.8.2
116 silly idealTree │ ├── object-assign@4.1.1
116 silly idealTree │ ├── once@1.4.0
116 silly idealTree │ ├── path-is-absolute@1.0.1
116 silly idealTree │ ├── pinkie-promise@2.0.1
116 silly idealTree │ ├── pinkie@2.0.4
116 silly idealTree │ ├── process-nextick-args@1.0.7
116 silly idealTree │ ├── punycode@1.4.1
116 silly idealTree │ ├── qs@6.3.1
116 silly idealTree │ ├─┬ rc@1.1.7
116 silly idealTree │ │ └── minimist@1.2.0
116 silly idealTree │ ├── readable-stream@2.2.2
116 silly idealTree │ ├── request@2.79.0
116 silly idealTree │ ├── rimraf@2.5.4
116 silly idealTree │ ├── semver@5.3.0
116 silly idealTree │ ├── set-blocking@2.0.0
116 silly idealTree │ ├── signal-exit@3.0.2
116 silly idealTree │ ├── sntp@1.0.9
116 silly idealTree │ ├─┬ sshpk@1.10.2
116 silly idealTree │ │ └── assert-plus@1.0.0
116 silly idealTree │ ├── string_decoder@0.10.31
116 silly idealTree │ ├── string-width@1.0.2
116 silly idealTree │ ├── stringstream@0.0.5
116 silly idealTree │ ├── strip-ansi@3.0.1
116 silly idealTree │ ├── strip-json-comments@2.0.1
116 silly idealTree │ ├── supports-color@2.0.0
116 silly idealTree │ ├─┬ tar-pack@3.3.0
116 silly idealTree │ │ ├── once@1.3.3
116 silly idealTree │ │ └── readable-stream@2.1.5
116 silly idealTree │ ├── tar@2.2.1
116 silly idealTree │ ├── tough-cookie@2.3.2
116 silly idealTree │ ├── tunnel-agent@0.4.3
116 silly idealTree │ ├── tweetnacl@0.14.5
116 silly idealTree │ ├── uid-number@0.0.6
116 silly idealTree │ ├── util-deprecate@1.0.2
116 silly idealTree │ ├── uuid@3.0.1
116 silly idealTree │ ├── verror@1.3.6
116 silly idealTree │ ├── wide-align@1.1.0
116 silly idealTree │ ├── wrappy@1.0.2
116 silly idealTree │ └── xtend@4.0.1
116 silly idealTree ├─┬ fstream@1.0.11
116 silly idealTree │ ├── minimist@0.0.8
116 silly idealTree │ └── mkdirp@0.5.1
116 silly idealTree ├── gauge@2.7.4
116 silly idealTree ├── gaze@0.5.2
116 silly idealTree ├── generate-function@2.0.0
116 silly idealTree ├── generate-object-property@1.2.0
116 silly idealTree ├── get-caller-file@1.0.2
116 silly idealTree ├── get-proxy@1.1.0
116 silly idealTree ├── get-stdin@4.0.1
116 silly idealTree ├── get-stream@2.3.1
116 silly idealTree ├─┬ getpass@0.1.7
116 silly idealTree │ └── assert-plus@1.0.0
116 silly idealTree ├── gifsicle@3.0.4
116 silly idealTree ├── glob-base@0.3.0
116 silly idealTree ├── glob-parent@2.0.0
116 silly idealTree ├─┬ glob-stream@3.1.18
116 silly idealTree │ ├── isarray@0.0.1
116 silly idealTree │ ├── minimatch@2.0.10
116 silly idealTree │ ├── readable-stream@1.0.34
116 silly idealTree │ ├── string_decoder@0.10.31
116 silly idealTree │ └── through2@0.6.5
116 silly idealTree ├── glob-watcher@0.0.6
116 silly idealTree ├─┬ glob@4.5.3
116 silly idealTree │ └── minimatch@2.0.10
116 silly idealTree ├── glob2base@0.0.12
116 silly idealTree ├── global-modules@0.2.3
116 silly idealTree ├── global-prefix@0.1.5
116 silly idealTree ├─┬ globule@0.1.0
116 silly idealTree │ ├── glob@3.1.21
116 silly idealTree │ ├── graceful-fs@1.2.3
116 silly idealTree │ ├── inherits@1.0.2
116 silly idealTree │ ├── lodash@1.0.2
116 silly idealTree │ └── minimatch@0.2.14
116 silly idealTree ├── glogg@1.0.0
116 silly idealTree ├─┬ got@5.7.1
116 silly idealTree │ └── duplexer2@0.1.4
116 silly idealTree ├── graceful-fs@4.1.11
116 silly idealTree ├── graceful-readlink@1.0.1
116 silly idealTree ├── guetzli@1.0.1
116 silly idealTree ├── gulp-decompress@1.2.0
116 silly idealTree ├── gulp-image@2.8.0
116 silly idealTree ├─┬ gulp-jshint@2.0.4
116 silly idealTree │ └── lodash@4.17.4
116 silly idealTree ├── gulp-load-plugins@1.5.0
116 silly idealTree ├─┬ gulp-newer@1.3.0
116 silly idealTree │ └── glob@7.1.1
116 silly idealTree ├── gulp-postcss@6.4.0
116 silly idealTree ├── gulp-rename@1.2.2
116 silly idealTree ├── gulp-sass@3.1.0
116 silly idealTree ├─┬ gulp-sourcemaps@1.6.0
116 silly idealTree │ └── vinyl@1.2.0
116 silly idealTree ├─┬ gulp-util@3.0.8
116 silly idealTree │ └── object-assign@3.0.0
116 silly idealTree ├─┬ gulp-watch@4.3.11
116 silly idealTree │ ├── glob-parent@3.1.0
116 silly idealTree │ ├── is-extglob@2.1.1
116 silly idealTree │ ├── is-glob@3.1.0
116 silly idealTree │ └── vinyl@1.2.0
116 silly idealTree ├─┬ gulp@3.9.1
116 silly idealTree │ └── semver@4.3.6
116 silly idealTree ├── gulplog@1.0.0
116 silly idealTree ├── har-schema@1.0.5
116 silly idealTree ├── har-validator@2.0.6
116 silly idealTree ├── has-ansi@2.0.0
116 silly idealTree ├─┬ has-binary@0.1.7
116 silly idealTree │ └── isarray@0.0.1
116 silly idealTree ├── has-cors@1.1.0
116 silly idealTree ├── has-flag@1.0.0
116 silly idealTree ├── has-gulplog@0.1.0
116 silly idealTree ├── has-unicode@2.0.1
116 silly idealTree ├── hawk@3.1.3
116 silly idealTree ├── hoek@2.16.3
116 silly idealTree ├── homedir-polyfill@1.0.1
116 silly idealTree ├── hosted-git-info@2.4.2
116 silly idealTree ├── html-comment-regex@1.1.1
116 silly idealTree ├─┬ htmlparser2@3.8.3
116 silly idealTree │ ├── isarray@0.0.1
116 silly idealTree │ ├── readable-stream@1.1.14
116 silly idealTree │ └── string_decoder@0.10.31
116 silly idealTree ├── http-errors@1.5.1
116 silly idealTree ├── http-proxy@1.15.2
116 silly idealTree ├── http-signature@1.1.1
116 silly idealTree ├── immutable@3.8.1
116 silly idealTree ├── in-publish@2.0.0
116 silly idealTree ├── indent-string@2.1.0
116 silly idealTree ├── indexof@0.0.1
116 silly idealTree ├── inflight@1.0.6
116 silly idealTree ├── inherits@2.0.3
116 silly idealTree ├── ini@1.3.4
116 silly idealTree ├── interpret@1.0.3
116 silly idealTree ├── invert-kv@1.0.0
116 silly idealTree ├── ip-regex@1.0.3
116 silly idealTree ├── is-absolute@0.2.6
116 silly idealTree ├── is-arrayish@0.2.1
116 silly idealTree ├── is-binary-path@1.0.1
116 silly idealTree ├── is-buffer@1.1.5
116 silly idealTree ├── is-builtin-module@1.0.0
116 silly idealTree ├── is-bzip2@1.0.0
116 silly idealTree ├── is-directory@0.3.1
116 silly idealTree ├── is-dotfile@1.0.2
116 silly idealTree ├── is-equal-shallow@0.1.3
116 silly idealTree ├── is-extendable@0.1.1
116 silly idealTree ├── is-extglob@1.0.0
116 silly idealTree ├── is-finite@1.0.2
116 silly idealTree ├── is-fullwidth-code-point@1.0.0
116 silly idealTree ├── is-gif@1.0.0
116 silly idealTree ├── is-glob@2.0.1
116 silly idealTree ├── is-gzip@1.0.0
116 silly idealTree ├── is-jpg@1.0.0
116 silly idealTree ├── is-my-json-valid@2.16.0
116 silly idealTree ├── is-natural-number@2.1.1
116 silly idealTree ├── is-number-like@1.0.7
116 silly idealTree ├── is-number@2.1.0
116 silly idealTree ├── is-obj@1.0.1
116 silly idealTree ├── is-png@1.1.0
116 silly idealTree ├── is-posix-bracket@0.1.1
116 silly idealTree ├── is-primitive@2.0.0
116 silly idealTree ├── is-property@1.0.2
116 silly idealTree ├── is-redirect@1.0.0
116 silly idealTree ├── is-relative@0.2.1
116 silly idealTree ├── is-retry-allowed@1.1.0
116 silly idealTree ├── is-stream@1.1.0
116 silly idealTree ├── is-svg@2.1.0
116 silly idealTree ├── is-tar@1.0.0
116 silly idealTree ├── is-typedarray@1.0.0
116 silly idealTree ├── is-unc-path@0.1.2
116 silly idealTree ├── is-url@1.2.2
116 silly idealTree ├── is-utf8@0.2.1
116 silly idealTree ├── is-valid-glob@0.3.0
116 silly idealTree ├── is-windows@0.2.0
116 silly idealTree ├── is-zip@1.0.0
116 silly idealTree ├── isarray@1.0.0
116 silly idealTree ├── isexe@2.0.0
116 silly idealTree ├── isobject@2.1.0
116 silly idealTree ├── isstream@0.1.2
116 silly idealTree ├── jodid25519@1.0.2
116 silly idealTree ├── jpeg-recompress-bin@3.0.1
116 silly idealTree ├── jpegoptim-bin@3.0.0
116 silly idealTree ├── js-base64@2.1.9
116 silly idealTree ├── js-yaml@3.7.0
116 silly idealTree ├── jsbn@0.1.1
116 silly idealTree ├─┬ jshint@2.9.4
116 silly idealTree │ ├── lodash@3.7.0
116 silly idealTree │ └── strip-json-comments@1.0.4
116 silly idealTree ├── json-schema@0.2.3
116 silly idealTree ├── json-stable-stringify@1.0.1
116 silly idealTree ├── json-stringify-safe@5.0.1
116 silly idealTree ├── json3@3.3.2
116 silly idealTree ├── jsonfile@2.4.0
116 silly idealTree ├── jsonify@0.0.0
116 silly idealTree ├── jsonpointer@4.0.1
116 silly idealTree ├─┬ jsprim@1.4.0
116 silly idealTree │ └── assert-plus@1.0.0
116 silly idealTree ├── kew@0.7.0
116 silly idealTree ├── kind-of@3.2.0
116 silly idealTree ├── klaw@1.3.1
116 silly idealTree ├── lazy-req@1.1.0
116 silly idealTree ├── lazystream@1.0.0
116 silly idealTree ├── lcid@1.0.0
116 silly idealTree ├── liftoff@2.3.0
116 silly idealTree ├── limiter@1.1.0
116 silly idealTree ├── load-json-file@1.1.0
116 silly idealTree ├─┬ localtunnel@1.8.2
116 silly idealTree │ └── yargs@3.29.0
116 silly idealTree ├── lodash._basecopy@3.0.1
116 silly idealTree ├── lodash._basetostring@3.0.1
116 silly idealTree ├── lodash._basevalues@3.0.0
116 silly idealTree ├── lodash._getnative@3.9.1
116 silly idealTree ├── lodash._isiterateecall@3.0.9
116 silly idealTree ├── lodash._reescape@3.0.0
116 silly idealTree ├── lodash._reevaluate@3.0.0
116 silly idealTree ├── lodash._reinterpolate@3.0.0
116 silly idealTree ├── lodash._root@3.0.1
116 silly idealTree ├── lodash.assign@4.2.0
116 silly idealTree ├── lodash.assignwith@4.2.0
116 silly idealTree ├── lodash.clonedeep@4.5.0
116 silly idealTree ├── lodash.escape@3.2.0
116 silly idealTree ├── lodash.isarguments@3.1.0
116 silly idealTree ├── lodash.isarray@3.0.4
116 silly idealTree ├── lodash.isempty@4.4.0
116 silly idealTree ├── lodash.isequal@4.5.0
116 silly idealTree ├── lodash.isfinite@3.3.2
116 silly idealTree ├── lodash.isobject@3.0.2
116 silly idealTree ├── lodash.isplainobject@4.0.6
116 silly idealTree ├── lodash.isstring@4.0.1
116 silly idealTree ├── lodash.keys@3.1.2
116 silly idealTree ├── lodash.mapvalues@4.6.0
116 silly idealTree ├── lodash.merge@4.6.0
116 silly idealTree ├── lodash.mergewith@4.6.0
116 silly idealTree ├── lodash.pick@4.4.0
116 silly idealTree ├── lodash.restparam@3.6.1
116 silly idealTree ├── lodash.template@3.6.2
116 silly idealTree ├── lodash.templatesettings@3.1.1
116 silly idealTree ├── lodash@3.10.1
116 silly idealTree ├── logalot@2.1.0
116 silly idealTree ├── longest@1.0.1
116 silly idealTree ├── loud-rejection@1.6.0
116 silly idealTree ├── lowercase-keys@1.0.0
116 silly idealTree ├── lpad-align@1.1.0
116 silly idealTree ├── lpad@2.0.1
116 silly idealTree ├── lru-cache@2.7.3
116 silly idealTree ├── magic-string@0.14.0
116 silly idealTree ├── map-cache@0.2.2
116 silly idealTree ├── map-obj@1.0.1
116 silly idealTree ├── meow@3.7.0
116 silly idealTree ├── merge-stream@1.0.1
116 silly idealTree ├── micromatch@2.3.11
116 silly idealTree ├── mime-db@1.27.0
116 silly idealTree ├── mime-types@2.1.15
116 silly idealTree ├── mime@1.2.4
116 silly idealTree ├── minimatch@3.0.3
116 silly idealTree ├── minimist@1.2.0
116 silly idealTree ├── mkdirp@0.3.0
116 silly idealTree ├── mozjpeg@4.1.1
116 silly idealTree ├── ms@0.7.1
116 silly idealTree ├── multipipe@0.1.2
116 silly idealTree ├── nan@2.6.2
116 silly idealTree ├── natives@1.1.0
116 silly idealTree ├── negotiator@0.6.1
116 silly idealTree ├─┬ node-gyp@3.6.1
116 silly idealTree │ ├── glob@7.1.1
116 silly idealTree │ ├── minimist@0.0.8
116 silly idealTree │ └── mkdirp@0.5.1
116 silly idealTree ├─┬ node-sass@4.5.2
116 silly idealTree │ ├── caseless@0.12.0
116 silly idealTree │ ├── cross-spawn@3.0.1
116 silly idealTree │ ├── gaze@1.1.2
116 silly idealTree │ ├── glob@7.1.1
116 silly idealTree │ ├── globule@1.1.0
116 silly idealTree │ ├── har-validator@4.2.1
116 silly idealTree │ ├── lodash@4.16.6
116 silly idealTree │ ├── lru-cache@4.0.2
116 silly idealTree │ ├── minimist@0.0.8
116 silly idealTree │ ├── mkdirp@0.5.1
116 silly idealTree │ ├── qs@6.4.0
116 silly idealTree │ ├── request@2.81.0
116 silly idealTree │ ├── tunnel-agent@0.6.0
116 silly idealTree │ └── uuid@3.0.1
116 silly idealTree ├── node-status-codes@1.0.0
116 silly idealTree ├── node-uuid@1.4.8
116 silly idealTree ├── nopt@3.0.6
116 silly idealTree ├── normalize-package-data@2.3.8
116 silly idealTree ├── normalize-path@2.1.1
116 silly idealTree ├── normalize-range@0.1.2
116 silly idealTree ├── npm-run-path@2.0.2
116 silly idealTree ├── npmlog@4.0.2
116 silly idealTree ├── num2fraction@1.2.2
116 silly idealTree ├── number-is-nan@1.0.1
116 silly idealTree ├── oauth-sign@0.8.2
116 silly idealTree ├── object-assign@4.1.1
116 silly idealTree ├── object-component@0.0.3
116 silly idealTree ├── object-path@0.9.2
116 silly idealTree ├── object.omit@2.0.1
116 silly idealTree ├── on-finished@2.3.0
116 silly idealTree ├── once@1.3.3
116 silly idealTree ├── onetime@1.1.0
116 silly idealTree ├── openurl@1.1.0
116 silly idealTree ├── opn@4.0.2
116 silly idealTree ├── options@0.0.6
116 silly idealTree ├── optipng-bin@3.1.4
116 silly idealTree ├── orchestrator@0.3.8
116 silly idealTree ├── ordered-read-streams@0.1.0
116 silly idealTree ├── os-filter-obj@1.0.3
116 silly idealTree ├── os-homedir@1.0.2
116 silly idealTree ├── os-locale@1.4.0
116 silly idealTree ├── os-tmpdir@1.0.2
116 silly idealTree ├── osenv@0.1.4
116 silly idealTree ├── p-finally@1.0.0
116 silly idealTree ├── parse-filepath@1.0.1
116 silly idealTree ├── parse-glob@3.0.4
116 silly idealTree ├── parse-json@2.2.0
116 silly idealTree ├── parse-passwd@1.0.0
116 silly idealTree ├── parsejson@0.0.3
116 silly idealTree ├── parseqs@0.0.5
116 silly idealTree ├── parseuri@0.0.5
116 silly idealTree ├── parseurl@1.3.1
116 silly idealTree ├── path-dirname@1.0.2
116 silly idealTree ├── path-exists@2.1.0
116 silly idealTree ├── path-is-absolute@1.0.1
116 silly idealTree ├── path-key@2.0.1
116 silly idealTree ├── path-parse@1.0.5
116 silly idealTree ├── path-root-regex@0.1.2
116 silly idealTree ├── path-root@0.1.1
116 silly idealTree ├── path-type@1.1.0
116 silly idealTree ├── pend@1.2.0
116 silly idealTree ├── performance-now@0.2.0
116 silly idealTree ├── pify@2.3.0
116 silly idealTree ├── pinkie-promise@2.0.1
116 silly idealTree ├── pinkie@2.0.4
116 silly idealTree ├── pngquant-bin@3.1.1
116 silly idealTree ├── portscanner@2.1.1
116 silly idealTree ├── postcss-load-config@1.2.0
116 silly idealTree ├── postcss-load-options@1.2.0
116 silly idealTree ├── postcss-load-plugins@2.3.0
116 silly idealTree ├── postcss-value-parser@3.3.0
116 silly idealTree ├─┬ postcss@5.2.17
116 silly idealTree │ └── supports-color@3.2.3
116 silly idealTree ├── prepend-http@1.0.4
116 silly idealTree ├── preserve@0.2.0
116 silly idealTree ├── pretty-hrtime@1.0.3
116 silly idealTree ├── process-nextick-args@1.0.7
116 silly idealTree ├── pseudomap@1.0.2
116 silly idealTree ├── punycode@1.4.1
116 silly idealTree ├── q@1.5.0
116 silly idealTree ├── qs@6.2.1
116 silly idealTree ├── randomatic@1.1.6
116 silly idealTree ├── range-parser@1.2.0
116 silly idealTree ├── rc@1.2.1
116 silly idealTree ├── rcfinder@0.1.9
116 silly idealTree ├── rcloader@0.2.2
116 silly idealTree ├── read-all-stream@3.1.0
116 silly idealTree ├── read-pkg-up@1.0.1
116 silly idealTree ├── read-pkg@1.1.0
116 silly idealTree ├── readable-stream@2.2.9
116 silly idealTree ├── readdirp@2.1.0
116 silly idealTree ├── rechoir@0.6.2
116 silly idealTree ├── redent@1.0.0
116 silly idealTree ├── regex-cache@0.4.3
116 silly idealTree ├── remove-trailing-separator@1.0.1
116 silly idealTree ├── repeat-element@1.1.2
116 silly idealTree ├── repeat-string@1.6.1
116 silly idealTree ├── repeating@2.0.1
116 silly idealTree ├── replace-ext@0.0.1
116 silly idealTree ├─┬ request@2.78.0
116 silly idealTree │ └── qs@6.3.2
116 silly idealTree ├── require-directory@2.1.1
116 silly idealTree ├── require-from-string@1.2.1
116 silly idealTree ├── require-main-filename@1.0.1
116 silly idealTree ├── requires-port@1.0.0
116 silly idealTree ├── resolve-dir@0.1.1
116 silly idealTree ├── resolve@1.3.3
116 silly idealTree ├── resp-modifier@6.0.2
116 silly idealTree ├─┬ rimraf@2.6.1
116 silly idealTree │ └── glob@7.1.1
116 silly idealTree ├── rx@4.1.0
116 silly idealTree ├── safe-buffer@5.0.1
116 silly idealTree ├─┬ sass-graph@2.2.2
116 silly idealTree │ ├── camelcase@3.0.0
116 silly idealTree │ ├── glob@7.1.1
116 silly idealTree │ ├── lodash@4.17.4
116 silly idealTree │ └── yargs@6.6.0
116 silly idealTree ├── sax@1.2.2
116 silly idealTree ├─┬ scss-tokenizer@0.2.1
116 silly idealTree │ └── source-map@0.4.4
116 silly idealTree ├─┬ seek-bzip@1.0.5
116 silly idealTree │ └── commander@2.8.1
116 silly idealTree ├── semver-regex@1.0.0
116 silly idealTree ├── semver-truncate@1.1.2
116 silly idealTree ├── semver@5.3.0
116 silly idealTree ├─┬ send@0.14.1
116 silly idealTree │ ├── etag@1.7.0
116 silly idealTree │ └── mime@1.3.4
116 silly idealTree ├── sequencify@0.0.7
116 silly idealTree ├── serve-index@1.8.0
116 silly idealTree ├── serve-static@1.11.1
116 silly idealTree ├── server-destroy@1.0.1
116 silly idealTree ├── set-blocking@2.0.0
116 silly idealTree ├── set-immediate-shim@1.0.1
116 silly idealTree ├── setprototypeof@1.0.2
116 silly idealTree ├── shebang-command@1.2.0
116 silly idealTree ├── shebang-regex@1.0.0
116 silly idealTree ├── shelljs@0.3.0
116 silly idealTree ├── sigmund@1.0.1
116 silly idealTree ├── signal-exit@3.0.2
116 silly idealTree ├── slash@1.0.0
116 silly idealTree ├── sntp@1.0.9
116 silly idealTree ├─┬ socket.io-adapter@0.5.0
116 silly idealTree │ ├── debug@2.3.3
116 silly idealTree │ └── ms@0.7.2
116 silly idealTree ├─┬ socket.io-client@1.6.0
116 silly idealTree │ ├── component-emitter@1.2.1
116 silly idealTree │ ├── debug@2.3.3
116 silly idealTree │ └── ms@0.7.2
116 silly idealTree ├─┬ socket.io-parser@2.3.1
116 silly idealTree │ └── isarray@0.0.1
116 silly idealTree ├─┬ socket.io@1.6.0
116 silly idealTree │ ├── debug@2.3.3
116 silly idealTree │ ├── ms@0.7.2
116 silly idealTree │ └── object-assign@4.1.0
116 silly idealTree ├── source-map@0.5.6
116 silly idealTree ├── sparkles@1.0.0
116 silly idealTree ├── spdx-correct@1.0.2
116 silly idealTree ├── spdx-expression-parse@1.0.4
116 silly idealTree ├── spdx-license-ids@1.2.2
116 silly idealTree ├── sprintf-js@1.0.3
116 silly idealTree ├── squeak@1.3.0
116 silly idealTree ├─┬ sshpk@1.13.0
116 silly idealTree │ └── assert-plus@1.0.0
116 silly idealTree ├── stat-mode@0.2.2
116 silly idealTree ├── statuses@1.3.1
116 silly idealTree ├── stdout-stream@1.4.0
116 silly idealTree ├─┬ stream-combiner2@1.1.1
116 silly idealTree │ └── duplexer2@0.1.4
116 silly idealTree ├── stream-consume@0.1.0
116 silly idealTree ├── stream-shift@1.0.0
116 silly idealTree ├── stream-throttle@0.1.3
116 silly idealTree ├── string_decoder@1.0.0
116 silly idealTree ├── string-width@1.0.2
116 silly idealTree ├── stringstream@0.0.5
116 silly idealTree ├── strip-ansi@3.0.1
116 silly idealTree ├── strip-bom-stream@1.0.0
116 silly idealTree ├── strip-bom@2.0.0
116 silly idealTree ├─┬ strip-dirs@1.1.1
116 silly idealTree │ ├── is-absolute@0.1.7
116 silly idealTree │ └── is-relative@0.1.3
116 silly idealTree ├── strip-eof@1.0.0
116 silly idealTree ├── strip-indent@1.0.1
116 silly idealTree ├── strip-json-comments@2.0.1
116 silly idealTree ├── strip-outer@1.0.0
116 silly idealTree ├── sum-up@1.0.3
116 silly idealTree ├── supports-color@2.0.0
116 silly idealTree ├─┬ svgo@0.7.2
116 silly idealTree │ ├── minimist@0.0.8
116 silly idealTree │ └── mkdirp@0.5.1
116 silly idealTree ├─┬ tar-stream@1.5.2
116 silly idealTree │ ├── end-of-stream@1.4.0
116 silly idealTree │ └── once@1.4.0
116 silly idealTree ├── tar@2.2.1
116 silly idealTree ├── tempfile@1.1.1
116 silly idealTree ├── tfunk@3.1.0
116 silly idealTree ├── through2-concurrent@1.1.1
116 silly idealTree ├── through2-filter@2.0.0
116 silly idealTree ├── through2@2.0.3
116 silly idealTree ├── tildify@1.2.0
116 silly idealTree ├── time-stamp@1.0.1
116 silly idealTree ├── timed-out@3.1.3
116 silly idealTree ├── to-absolute-glob@0.1.1
116 silly idealTree ├── to-array@0.1.4
116 silly idealTree ├── tough-cookie@2.3.2
116 silly idealTree ├── trim-newlines@1.0.0
116 silly idealTree ├── trim-repeated@1.0.0
116 silly idealTree ├── tunnel-agent@0.4.3
116 silly idealTree ├── tweetnacl@0.14.5
116 silly idealTree ├── typedarray@0.0.6
116 silly idealTree ├── ua-parser-js@0.7.12
116 silly idealTree ├── ultron@1.0.2
116 silly idealTree ├── unc-path-regex@0.1.2
116 silly idealTree ├── underscore@1.7.0
116 silly idealTree ├── unique-stream@1.0.0
116 silly idealTree ├── unpipe@1.0.0
116 silly idealTree ├── unzip-response@1.0.2
116 silly idealTree ├── url-parse-lax@1.0.0
116 silly idealTree ├── url-regex@3.2.0
116 silly idealTree ├── user-home@1.1.1
116 silly idealTree ├── util-deprecate@1.0.2
116 silly idealTree ├── utils-merge@1.0.0
116 silly idealTree ├── uuid@2.0.3
116 silly idealTree ├── v8flags@2.1.1
116 silly idealTree ├── vali-date@1.0.0
116 silly idealTree ├── validate-npm-package-license@3.0.1
116 silly idealTree ├── verror@1.3.6
116 silly idealTree ├── vinyl-assign@1.2.1
116 silly idealTree ├─┬ vinyl-file@2.0.0
116 silly idealTree │ ├── first-chunk-stream@2.0.0
116 silly idealTree │ ├── strip-bom-stream@2.0.0
116 silly idealTree │ └── vinyl@1.2.0
116 silly idealTree ├─┬ vinyl-fs@0.3.14
116 silly idealTree │ ├── clone@0.2.0
116 silly idealTree │ ├── graceful-fs@3.0.11
116 silly idealTree │ ├── isarray@0.0.1
116 silly idealTree │ ├── minimist@0.0.8
116 silly idealTree │ ├── mkdirp@0.5.1
116 silly idealTree │ ├── readable-stream@1.0.34
116 silly idealTree │ ├── string_decoder@0.10.31
116 silly idealTree │ ├── strip-bom@1.0.0
116 silly idealTree │ ├── through2@0.6.5
116 silly idealTree │ └── vinyl@0.4.6
116 silly idealTree ├── vinyl-sourcemaps-apply@0.2.1
116 silly idealTree ├── vinyl@0.5.3
116 silly idealTree ├── vlq@0.2.2
116 silly idealTree ├── ware@1.3.0
116 silly idealTree ├── weinre@2.0.0-pre-I0Z7U9OV
116 silly idealTree ├── whet.extend@0.9.9
116 silly idealTree ├── which-module@1.0.0
116 silly idealTree ├── which@1.2.14
116 silly idealTree ├── wide-align@1.1.0
116 silly idealTree ├── window-size@0.1.4
116 silly idealTree ├── wrap-ansi@2.1.0
116 silly idealTree ├── wrap-fn@0.1.5
116 silly idealTree ├── wrappy@1.0.2
116 silly idealTree ├── ws@1.1.1
116 silly idealTree ├── wtf-8@1.0.0
116 silly idealTree ├── xmlhttprequest-ssl@1.5.3
116 silly idealTree ├── xtend@4.0.1
116 silly idealTree ├── y18n@3.2.1
116 silly idealTree ├── yallist@2.1.2
116 silly idealTree ├─┬ yargs-parser@4.2.1
116 silly idealTree │ └── camelcase@3.0.0
116 silly idealTree ├─┬ yargs@6.4.0
116 silly idealTree │ ├── camelcase@3.0.0
116 silly idealTree │ └── window-size@0.2.0
116 silly idealTree ├── yauzl@2.8.0
116 silly idealTree ├── yeast@0.1.2
116 silly idealTree └── zopflipng-bin@3.0.1
117 silly generateActionsToTake Starting
118 silly install generateActionsToTake
119 silly generateActionsToTake Finishing
120 silly diffTrees action count 1
121 silly diffTrees update gulp@3.9.1
122 silly decomposeActions action count 9
123 silly decomposeActions remove gulp@3.9.1
124 silly decomposeActions fetch gulp@3.9.1
125 silly decomposeActions extract gulp@3.9.1
126 silly decomposeActions test gulp@3.9.1
127 silly decomposeActions preinstall gulp@3.9.1
128 silly decomposeActions build gulp@3.9.1
129 silly decomposeActions install gulp@3.9.1
130 silly decomposeActions postinstall gulp@3.9.1
131 silly decomposeActions finalize gulp@3.9.1
132 silly runTopLevelLifecycles Starting
133 silly executeActions Starting
134 silly install executeActions
135 silly doSerial global-install 0
136 silly doParallel fetch 1
137 verbose correctMkdir /Users/CassandraGoodby/.npm/_locks correctMkdir not in flight; initializing
138 verbose lock using /Users/CassandraGoodby/.npm/_locks/staging-e9379adfdcecad5c.lock for /Users/CassandraGoodby/node_modules/.staging
139 silly doParallel extract 1
140 silly extract gulp@3.9.1
141 verbose unbuild node_modules/.staging/gulp-56a890cf
142 silly gentlyRm /Users/CassandraGoodby/node_modules/.staging/gulp-56a890cf is being purged from base /Users/CassandraGoodby
143 verbose gentlyRm don't care about contents; nuking /Users/CassandraGoodby/node_modules/.staging/gulp-56a890cf
144 verbose tar unpack /Users/CassandraGoodby/.npm/gulp/3.9.1/package.tgz
145 verbose tar unpacking to /Users/CassandraGoodby/node_modules/.staging/gulp-56a890cf
146 silly gentlyRm /Users/CassandraGoodby/node_modules/.staging/gulp-56a890cf is being purged
147 verbose gentlyRm don't care about contents; nuking /Users/CassandraGoodby/node_modules/.staging/gulp-56a890cf
148 silly gunzTarPerm modes [ '755', '644' ]
149 silly gunzTarPerm extractEntry package.json
150 silly gunzTarPerm extractEntry README.md
151 silly gunzTarPerm extractEntry LICENSE
152 silly gunzTarPerm extractEntry index.js
153 silly gunzTarPerm extractEntry CHANGELOG.md
154 silly gunzTarPerm extractEntry bin/gulp.js
155 silly gunzTarPerm extractEntry completion/README.md
156 silly gunzTarPerm extractEntry completion/bash
157 silly gunzTarPerm extractEntry completion/fish
158 silly gunzTarPerm extractEntry completion/powershell
159 silly gunzTarPerm extractEntry completion/zsh
160 silly gunzTarPerm extractEntry gulp.1
161 silly gunzTarPerm extractEntry lib/completion.js
162 silly gunzTarPerm extractEntry lib/taskTree.js
163 silly gentlyRm /Users/CassandraGoodby/node_modules/.staging/gulp-56a890cf/node_modules is being purged
164 verbose gentlyRm don't care about contents; nuking /Users/CassandraGoodby/node_modules/.staging/gulp-56a890cf/node_modules
165 silly doParallel preinstall 1
166 silly preinstall gulp@3.9.1 /Users/CassandraGoodby/node_modules/.staging/gulp-56a890cf
167 info lifecycle gulp@3.9.1~preinstall: gulp@3.9.1
168 silly lifecycle gulp@3.9.1~preinstall: no script for preinstall, continuing
169 silly doReverseSerial remove 1
170 silly remove /Users/CassandraGoodby/node_modules/gulp
171 verbose unbuild node_modules/gulp
172 silly gentlyRm /Users/CassandraGoodby/node_modules/gulp is being purged from base /Users/CassandraGoodby
173 verbose gentlyRm don't care about contents; nuking /Users/CassandraGoodby/node_modules/gulp
174 silly vacuum-fs purging /Users/CassandraGoodby/node_modules/gulp
175 verbose unlock done using /Users/CassandraGoodby/.npm/_locks/staging-e9379adfdcecad5c.lock for /Users/CassandraGoodby/node_modules/.staging
176 silly rollbackFailedOptional Starting
177 silly rollbackFailedOptional Finishing
178 silly runTopLevelLifecycles Finishing
179 silly install printInstalled
180 warn enoent ENOENT: no such file or directory, open '/Users/CassandraGoodby/package.json'
181 verbose enoent ENOENT: no such file or directory, open '/Users/CassandraGoodby/package.json'
181 verbose enoent This is most likely not a problem with npm itself
181 verbose enoent and is related to npm not being able to find a file.
182 warn CassandraGoodby No description
183 verbose If you need help, you may report this error at:
183 verbose     <https://github.com/npm/npm/issues>
184 warn CassandraGoodby No repository field.
185 verbose If you need help, you may report this error at:
185 verbose     <https://github.com/npm/npm/issues>
186 warn CassandraGoodby No README data
187 verbose If you need help, you may report this error at:
187 verbose     <https://github.com/npm/npm/issues>
188 warn CassandraGoodby No license field.
189 verbose If you need help, you may report this error at:
189 verbose     <https://github.com/npm/npm/issues>
190 verbose stack Error: EACCES: permission denied, rmdir '/Users/CassandraGoodby/node_modules/gulp/node_modules/.bin'
190 verbose stack     at Error (native)
191 verbose cwd /Users/CassandraGoodby/Desktop/Spring 2017/Creative front-end/wordpress/wp-content/themes
192 error Darwin 16.5.0
193 error argv "/usr/local/bin/node" "/usr/local/bin/npm" "install" "gulp"
194 error node v4.4.1
195 error npm  v3.10.10
196 error path /Users/CassandraGoodby/node_modules/gulp/node_modules/.bin
197 error code EACCES
198 error errno -13
199 error syscall rmdir
200 error Error: EACCES: permission denied, rmdir '/Users/CassandraGoodby/node_modules/gulp/node_modules/.bin'
200 error     at Error (native)
200 error  { [Error: EACCES: permission denied, rmdir '/Users/CassandraGoodby/node_modules/gulp/node_modules/.bin']
200 error   errno: -13,
200 error   code: 'EACCES',
200 error   syscall: 'rmdir',
200 error   path: '/Users/CassandraGoodby/node_modules/gulp/node_modules/.bin' }
201 error Please try running this command again as root/Administrator.
202 verbose exit [ -13, true ]
